TN:
SF:X:\workspace\apac-ishipplus\src\polyfills.ts
FNF:0
FNH:0
LF:0
LH:0
BRF:0
BRH:0
end_of_record
TN:
SF:X:\workspace\apac-ishipplus\src\test.ts
FNF:0
FNH:0
DA:13,1
DA:18,1
DA:20,1
LF:3
LH:3
BRF:0
BRH:0
end_of_record
TN:
SF:X:\workspace\apac-ishipplus\src\zone-flags.ts
FNF:0
FNH:0
DA:5,1
LF:1
LH:1
BRF:0
BRH:0
end_of_record
TN:
SF:X:\workspace\apac-ishipplus\src\app\+store\app.reducer.ts
FNF:0
FNH:0
DA:4,1
DA:5,1
DA:7,1
LF:3
LH:3
BRF:0
BRH:0
end_of_record
TN:
SF:X:\workspace\apac-ishipplus\src\app\+store\app.state.ts
FNF:0
FNH:0
LF:0
LH:0
BRF:0
BRH:0
end_of_record
TN:
SF:X:\workspace\apac-ishipplus\src\app\core\components\right-nav-menu\right-nav-menu.component.ts
FN:73,(anonymous_0)
FN:94,(anonymous_1)
FN:106,(anonymous_2)
FN:110,(anonymous_3)
FN:110,(anonymous_4)
FN:122,(anonymous_5)
FN:123,(anonymous_6)
FN:132,(anonymous_7)
FN:139,(anonymous_8)
FN:140,(anonymous_9)
FN:149,(anonymous_10)
FN:157,(anonymous_11)
FN:163,(anonymous_12)
FN:173,(anonymous_13)
FN:187,(anonymous_14)
FN:191,(anonymous_15)
FN:193,(anonymous_16)
FN:198,(anonymous_17)
FN:202,(anonymous_18)
FN:208,(anonymous_19)
FN:212,(anonymous_20)
FN:224,(anonymous_22)
FN:233,(anonymous_23)
FN:242,(anonymous_24)
FN:247,(anonymous_25)
FN:255,(anonymous_26)
FN:261,(anonymous_27)
FN:269,(anonymous_28)
FN:277,(anonymous_29)
FN:281,(anonymous_30)
FN:286,(anonymous_31)
FN:290,(anonymous_32)
FN:292,(anonymous_33)
FN:293,(anonymous_34)
FN:298,(anonymous_35)
FN:299,(anonymous_36)
FN:300,(anonymous_37)
FN:303,(anonymous_38)
FN:315,(anonymous_40)
FN:324,(anonymous_41)
FN:335,(anonymous_42)
FN:342,(anonymous_43)
FN:344,(anonymous_44)
FNF:43
FNH:34
FNDA:28,(anonymous_0)
FNDA:28,(anonymous_1)
FNDA:33,(anonymous_2)
FNDA:0,(anonymous_3)
FNDA:0,(anonymous_4)
FNDA:0,(anonymous_5)
FNDA:0,(anonymous_6)
FNDA:78,(anonymous_7)
FNDA:28,(anonymous_8)
FNDA:28,(anonymous_9)
FNDA:1,(anonymous_10)
FNDA:1,(anonymous_11)
FNDA:34,(anonymous_12)
FNDA:31,(anonymous_13)
FNDA:265,(anonymous_14)
FNDA:33,(anonymous_15)
FNDA:231,(anonymous_16)
FNDA:0,(anonymous_17)
FNDA:0,(anonymous_18)
FNDA:1,(anonymous_19)
FNDA:1,(anonymous_20)
FNDA:0,(anonymous_22)
FNDA:1,(anonymous_23)
FNDA:0,(anonymous_24)
FNDA:1,(anonymous_25)
FNDA:14,(anonymous_26)
FNDA:7,(anonymous_27)
FNDA:7,(anonymous_28)
FNDA:1,(anonymous_29)
FNDA:1,(anonymous_30)
FNDA:1,(anonymous_31)
FNDA:89,(anonymous_32)
FNDA:91,(anonymous_33)
FNDA:89,(anonymous_34)
FNDA:1251,(anonymous_35)
FNDA:1251,(anonymous_36)
FNDA:466,(anonymous_37)
FNDA:1,(anonymous_38)
FNDA:0,(anonymous_40)
FNDA:2,(anonymous_41)
FNDA:2,(anonymous_42)
FNDA:231,(anonymous_43)
FNDA:231,(anonymous_44)
DA:33,1
DA:34,28
DA:35,28
DA:48,28
DA:49,28
DA:50,28
DA:57,28
DA:58,28
DA:61,28
DA:62,28
DA:63,28
DA:64,28
DA:67,28
DA:71,28
DA:74,28
DA:75,28
DA:76,28
DA:77,28
DA:78,28
DA:79,28
DA:80,28
DA:81,28
DA:82,28
DA:83,28
DA:84,28
DA:85,28
DA:86,28
DA:87,28
DA:89,28
DA:91,28
DA:92,28
DA:94,28
DA:95,28
DA:96,28
DA:97,28
DA:98,10
DA:101,28
DA:102,28
DA:107,33
DA:108,33
DA:110,33
DA:111,0
DA:118,0
DA:120,0
DA:122,0
DA:124,0
DA:125,0
DA:132,1
DA:133,78
DA:134,54
DA:135,54
DA:140,28
DA:142,28
DA:143,28
DA:144,28
DA:150,1
DA:151,1
DA:152,1
DA:154,1
DA:158,1
DA:159,1
DA:160,1
DA:164,34
DA:165,34
DA:166,2
DA:170,32
DA:174,31
DA:175,31
DA:176,31
DA:177,8
DA:179,23
DA:182,31
DA:183,10
DA:188,265
DA:192,33
DA:193,33
DA:194,231
DA:195,231
DA:198,33
DA:199,0
DA:202,33
DA:203,0
DA:209,1
DA:213,1
DA:214,1
DA:225,0
DA:230,1
DA:234,1
DA:235,1
DA:236,1
DA:237,1
DA:239,1
DA:243,0
DA:244,0
DA:248,1
DA:249,1
DA:250,1
DA:251,1
DA:252,1
DA:256,14
DA:257,14
DA:258,14
DA:262,7
DA:263,7
DA:264,7
DA:265,7
DA:266,7
DA:270,7
DA:271,7
DA:272,7
DA:273,7
DA:274,7
DA:278,1
DA:282,1
DA:283,1
DA:287,1
DA:291,89
DA:292,91
DA:294,89
DA:296,89
DA:297,89
DA:298,1251
DA:299,1251
DA:300,466
DA:304,1
DA:305,1
DA:316,0
DA:321,1
DA:325,2
DA:326,2
DA:327,1
DA:328,1
DA:330,2
DA:331,2
DA:332,2
DA:336,2
DA:337,2
DA:338,2
DA:339,2
DA:343,231
DA:345,231
DA:346,0
LF:142
LH:129
BRDA:91,0,0,28
BRDA:91,0,1,0
BRDA:92,1,0,0
BRDA:92,1,1,28
BRDA:95,2,0,28
BRDA:95,2,1,0
BRDA:95,3,0,28
BRDA:95,3,1,28
BRDA:97,4,0,10
BRDA:97,4,1,18
BRDA:97,5,0,28
BRDA:97,5,1,21
BRDA:118,6,0,0
BRDA:118,6,1,0
BRDA:118,7,0,0
BRDA:118,7,1,0
BRDA:124,8,0,0
BRDA:124,8,1,0
BRDA:133,9,0,54
BRDA:133,9,1,24
BRDA:142,10,0,28
BRDA:142,10,1,0
BRDA:164,11,0,34
BRDA:164,11,1,0
BRDA:165,12,0,2
BRDA:165,12,1,32
BRDA:176,13,0,8
BRDA:176,13,1,23
BRDA:176,14,0,31
BRDA:176,14,1,21
BRDA:182,15,0,10
BRDA:182,15,1,21
BRDA:192,16,0,33
BRDA:192,16,1,0
BRDA:213,17,0,0
BRDA:213,17,1,1
BRDA:215,18,0,0
BRDA:215,18,1,1
BRDA:219,19,0,0
BRDA:219,19,1,1
BRDA:222,20,0,0
BRDA:222,20,1,1
BRDA:230,21,0,1
BRDA:230,21,1,0
BRDA:230,22,0,1
BRDA:230,22,1,1
BRDA:234,23,0,1
BRDA:234,23,1,0
BRDA:294,24,0,0
BRDA:294,24,1,89
BRDA:294,25,0,89
BRDA:294,25,1,89
BRDA:298,26,0,23
BRDA:298,26,1,66
BRDA:298,27,0,89
BRDA:298,27,1,89
BRDA:298,28,0,1251
BRDA:298,28,1,118
BRDA:299,29,0,23
BRDA:299,29,1,66
BRDA:299,30,0,89
BRDA:299,30,1,89
BRDA:299,31,0,1251
BRDA:299,31,1,118
BRDA:300,32,0,23
BRDA:300,32,1,66
BRDA:300,33,0,89
BRDA:300,33,1,89
BRDA:304,34,0,0
BRDA:304,34,1,1
BRDA:306,35,0,0
BRDA:306,35,1,1
BRDA:310,36,0,0
BRDA:310,36,1,1
BRDA:313,37,0,0
BRDA:313,37,1,1
BRDA:321,38,0,1
BRDA:321,38,1,0
BRDA:321,39,0,1
BRDA:321,39,1,1
BRDA:326,40,0,1
BRDA:326,40,1,1
BRDA:345,41,0,0
BRDA:345,41,1,231
BRF:84
BRH:59
end_of_record
TN:
SF:X:\workspace\apac-ishipplus\src\app\core\guards\auth-guard-thank-you-summary.service.ts
FN:16,(anonymous_0)
FN:21,(anonymous_1)
FN:23,(anonymous_2)
FN:26,(anonymous_3)
FNF:4
FNH:0
FNDA:0,(anonymous_0)
FNDA:0,(anonymous_1)
FNDA:0,(anonymous_2)
FNDA:0,(anonymous_3)
DA:13,1
DA:14,0
DA:17,0
DA:18,0
DA:23,0
DA:24,0
DA:27,0
DA:29,0
DA:30,0
DA:32,0
DA:33,0
DA:34,0
DA:36,0
DA:37,0
LF:14
LH:1
BRDA:29,0,0,0
BRDA:29,0,1,0
BRDA:29,1,0,0
BRDA:29,1,1,0
BRDA:29,2,0,0
BRDA:29,2,1,0
BRDA:29,3,0,0
BRDA:29,3,1,0
BRDA:29,4,0,0
BRDA:29,4,1,0
BRDA:30,5,0,0
BRDA:30,5,1,0
BRDA:32,6,0,0
BRDA:32,6,1,0
BRF:14
BRH:0
end_of_record
TN:
SF:X:\workspace\apac-ishipplus\src\app\core\providers\apim\authentication.service.ts
FN:25,(anonymous_0)
FN:40,(anonymous_1)
FN:52,(anonymous_2)
FN:63,(anonymous_3)
FN:94,(anonymous_4)
FN:112,(anonymous_5)
FN:113,(anonymous_6)
FNF:7
FNH:7
FNDA:35,(anonymous_0)
FNDA:32,(anonymous_1)
FNDA:4,(anonymous_2)
FNDA:32,(anonymous_3)
FNDA:3,(anonymous_4)
FNDA:29,(anonymous_5)
FNDA:1,(anonymous_6)
DA:20,1
DA:22,35
DA:23,35
DA:26,35
DA:27,35
DA:28,35
DA:29,35
DA:31,35
DA:32,35
DA:33,35
DA:41,32
DA:42,32
DA:50,32
DA:53,4
DA:54,1
DA:64,32
DA:65,32
DA:66,32
DA:67,32
DA:68,32
DA:69,32
DA:70,32
DA:95,3
DA:96,3
DA:97,2
DA:98,2
DA:100,2
DA:104,2
DA:113,29
DA:114,1
DA:115,1
LF:31
LH:31
BRDA:53,0,0,1
BRDA:53,0,1,3
BRDA:96,1,0,2
BRDA:96,1,1,1
BRDA:97,2,0,2
BRDA:97,2,1,0
BRF:6
BRH:5
end_of_record
TN:
SF:X:\workspace\apac-ishipplus\src\app\core\providers\apim\availability.service.ts
FN:31,(anonymous_0)
FN:47,(anonymous_1)
FN:53,(anonymous_2)
FN:66,(anonymous_3)
FN:74,(anonymous_4)
FN:82,(anonymous_5)
FN:89,(anonymous_6)
FNF:7
FNH:7
FNDA:7,(anonymous_0)
FNDA:2,(anonymous_1)
FNDA:2,(anonymous_2)
FNDA:2,(anonymous_3)
FNDA:2,(anonymous_4)
FNDA:2,(anonymous_5)
FNDA:2,(anonymous_6)
DA:24,1
DA:26,7
DA:27,7
DA:28,7
DA:29,7
DA:31,7
DA:32,7
DA:33,7
DA:34,7
DA:35,7
DA:36,7
DA:38,7
DA:39,7
DA:41,7
DA:48,2
DA:49,2
DA:51,2
DA:54,2
DA:55,1
DA:67,2
DA:68,2
DA:69,2
DA:71,2
DA:75,2
DA:76,1
DA:83,2
DA:84,2
DA:85,2
DA:87,2
DA:90,2
DA:91,1
LF:31
LH:31
BRDA:54,0,0,1
BRDA:54,0,1,1
BRDA:75,1,0,1
BRDA:75,1,1,1
BRDA:90,2,0,1
BRDA:90,2,1,1
BRF:6
BRH:6
end_of_record
TN:
SF:X:\workspace\apac-ishipplus\src\app\core\providers\apim\commodity.service.ts
FN:25,(anonymous_0)
FN:40,(anonymous_1)
FN:47,(anonymous_2)
FN:55,(anonymous_3)
FN:60,(anonymous_4)
FNF:5
FNH:5
FNDA:6,(anonymous_0)
FNDA:3,(anonymous_1)
FNDA:3,(anonymous_2)
FNDA:2,(anonymous_3)
FNDA:2,(anonymous_4)
DA:20,1
DA:21,6
DA:22,6
DA:23,6
DA:25,6
DA:26,6
DA:27,6
DA:28,6
DA:29,6
DA:30,6
DA:31,6
DA:32,6
DA:41,3
DA:42,3
DA:43,3
DA:45,3
DA:48,3
DA:49,1
DA:56,2
DA:57,2
DA:59,2
DA:61,2
DA:62,1
LF:23
LH:23
BRDA:48,0,0,1
BRDA:48,0,1,2
BRDA:61,1,0,1
BRDA:61,1,1,1
BRF:4
BRH:4
end_of_record
TN:
SF:X:\workspace\apac-ishipplus\src\app\core\providers\apim\country.service.ts
FN:34,(anonymous_0)
FN:51,(anonymous_1)
FN:56,(anonymous_2)
FN:67,(anonymous_3)
FN:72,(anonymous_4)
FN:85,(anonymous_5)
FN:90,(anonymous_6)
FN:101,(anonymous_7)
FN:105,(anonymous_8)
FN:120,(anonymous_9)
FN:128,(anonymous_10)
FN:141,(anonymous_11)
FN:146,(anonymous_12)
FN:159,(anonymous_13)
FN:165,(anonymous_14)
FN:179,(anonymous_15)
FN:186,(anonymous_16)
FNF:17
FNH:17
FNDA:24,(anonymous_0)
FNDA:3,(anonymous_1)
FNDA:3,(anonymous_2)
FNDA:2,(anonymous_3)
FNDA:2,(anonymous_4)
FNDA:4,(anonymous_5)
FNDA:4,(anonymous_6)
FNDA:3,(anonymous_7)
FNDA:3,(anonymous_8)
FNDA:3,(anonymous_9)
FNDA:3,(anonymous_10)
FNDA:3,(anonymous_11)
FNDA:3,(anonymous_12)
FNDA:2,(anonymous_13)
FNDA:2,(anonymous_14)
FNDA:3,(anonymous_15)
FNDA:3,(anonymous_16)
DA:27,1
DA:28,24
DA:29,24
DA:30,24
DA:31,24
DA:32,24
DA:34,24
DA:35,24
DA:36,24
DA:37,24
DA:38,24
DA:39,24
DA:40,24
DA:41,24
DA:42,24
DA:43,24
DA:52,3
DA:53,3
DA:55,3
DA:57,3
DA:58,1
DA:68,2
DA:69,2
DA:71,2
DA:73,2
DA:74,1
DA:86,4
DA:87,4
DA:89,4
DA:91,4
DA:92,1
DA:102,3
DA:103,3
DA:104,3
DA:106,3
DA:107,1
DA:121,3
DA:122,3
DA:123,3
DA:125,3
DA:129,3
DA:130,1
DA:142,3
DA:143,3
DA:145,3
DA:147,3
DA:148,1
DA:160,2
DA:162,2
DA:164,2
DA:166,2
DA:167,1
DA:181,3
DA:183,3
DA:185,3
DA:187,3
DA:188,1
LF:57
LH:57
BRDA:57,0,0,1
BRDA:57,0,1,2
BRDA:73,1,0,1
BRDA:73,1,1,1
BRDA:91,2,0,1
BRDA:91,2,1,3
BRDA:106,3,0,1
BRDA:106,3,1,2
BRDA:129,4,0,1
BRDA:129,4,1,2
BRDA:147,5,0,1
BRDA:147,5,1,2
BRDA:166,6,0,1
BRDA:166,6,1,1
BRDA:187,7,0,1
BRDA:187,7,1,2
BRF:16
BRH:16
end_of_record
TN:
SF:X:\workspace\apac-ishipplus\src\app\core\providers\apim\global-trade.service.ts
FN:23,(anonymous_0)
FN:34,(anonymous_1)
FN:39,(anonymous_2)
FN:50,(anonymous_3)
FN:55,(anonymous_4)
FNF:5
FNH:5
FNDA:5,(anonymous_0)
FNDA:2,(anonymous_1)
FNDA:2,(anonymous_2)
FNDA:2,(anonymous_3)
FNDA:2,(anonymous_4)
DA:19,1
DA:20,5
DA:21,5
DA:23,5
DA:24,5
DA:25,5
DA:26,5
DA:27,5
DA:28,5
DA:35,2
DA:36,2
DA:38,2
DA:40,2
DA:41,1
DA:51,2
DA:52,2
DA:54,2
DA:56,2
DA:57,1
LF:19
LH:19
BRDA:40,0,0,1
BRDA:40,0,1,1
BRDA:56,1,0,1
BRDA:56,1,1,1
BRF:4
BRH:4
end_of_record
TN:
SF:X:\workspace\apac-ishipplus\src\app\core\providers\apim\index.ts
FNF:0
FNH:0
LF:0
LH:0
BRF:0
BRH:0
end_of_record
TN:
SF:X:\workspace\apac-ishipplus\src\app\core\providers\apim\notification.service.ts
FN:22,(anonymous_0)
FN:32,(anonymous_1)
FN:37,(anonymous_2)
FNF:3
FNH:3
FNDA:4,(anonymous_0)
FNDA:3,(anonymous_1)
FNDA:3,(anonymous_2)
DA:19,1
DA:20,4
DA:22,4
DA:23,4
DA:24,4
DA:25,4
DA:26,4
DA:33,3
DA:34,3
DA:36,3
DA:38,3
DA:39,1
LF:12
LH:12
BRDA:38,0,0,1
BRDA:38,0,1,2
BRF:2
BRH:2
end_of_record
TN:
SF:X:\workspace\apac-ishipplus\src\app\core\providers\apim\payment.service.ts
FN:22,(anonymous_0)
FN:39,(anonymous_1)
FN:44,(anonymous_2)
FNF:3
FNH:3
FNDA:4,(anonymous_0)
FNDA:3,(anonymous_1)
FNDA:3,(anonymous_2)
DA:18,1
DA:19,4
DA:20,4
DA:22,4
DA:23,4
DA:24,4
DA:25,4
DA:26,4
DA:27,4
DA:40,3
DA:41,3
DA:43,3
DA:45,3
DA:46,1
LF:14
LH:14
BRDA:45,0,0,1
BRDA:45,0,1,2
BRF:2
BRH:2
end_of_record
TN:
SF:X:\workspace\apac-ishipplus\src\app\core\providers\apim\rates.service.ts
FN:23,(anonymous_0)
FN:36,(anonymous_1)
FN:48,(anonymous_2)
FNF:3
FNH:3
FNDA:3,(anonymous_0)
FNDA:2,(anonymous_1)
FNDA:2,(anonymous_2)
DA:20,1
DA:21,3
DA:24,3
DA:25,3
DA:26,3
DA:27,3
DA:28,3
DA:37,2
DA:38,2
DA:43,2
DA:45,2
DA:49,2
DA:50,1
LF:13
LH:13
BRDA:49,0,0,1
BRDA:49,0,1,1
BRF:2
BRH:2
end_of_record
TN:
SF:X:\workspace\apac-ishipplus\src\app\core\providers\apim\shipment.service.ts
FN:23,(anonymous_0)
FN:39,(anonymous_1)
FN:45,(anonymous_2)
FN:60,(anonymous_3)
FN:66,(anonymous_4)
FNF:5
FNH:5
FNDA:10,(anonymous_0)
FNDA:4,(anonymous_1)
FNDA:1,(anonymous_2)
FNDA:5,(anonymous_3)
FNDA:1,(anonymous_4)
DA:18,1
DA:19,10
DA:20,10
DA:21,10
DA:23,10
DA:24,10
DA:25,10
DA:26,10
DA:27,10
DA:28,10
DA:29,10
DA:41,4
DA:42,4
DA:44,4
DA:46,1
DA:47,1
DA:62,5
DA:63,5
DA:65,5
DA:67,1
DA:68,1
LF:21
LH:21
BRDA:46,0,0,1
BRDA:46,0,1,0
BRDA:67,1,0,1
BRDA:67,1,1,0
BRF:4
BRH:2
end_of_record
TN:
SF:X:\workspace\apac-ishipplus\src\app\core\providers\apim\user.service.ts
FN:25,(anonymous_0)
FN:37,(anonymous_1)
FN:42,(anonymous_2)
FN:56,(anonymous_3)
FN:63,(anonymous_4)
FN:74,(anonymous_5)
FN:81,(anonymous_6)
FNF:7
FNH:1
FNDA:1,(anonymous_0)
FNDA:0,(anonymous_1)
FNDA:0,(anonymous_2)
FNDA:0,(anonymous_3)
FNDA:0,(anonymous_4)
FNDA:0,(anonymous_5)
FNDA:0,(anonymous_6)
DA:21,1
DA:22,1
DA:23,1
DA:25,1
DA:26,1
DA:27,1
DA:28,1
DA:29,1
DA:30,1
DA:31,1
DA:38,0
DA:39,0
DA:41,0
DA:43,0
DA:44,0
DA:57,0
DA:58,0
DA:59,0
DA:61,0
DA:64,0
DA:65,0
DA:75,0
DA:76,0
DA:77,0
DA:79,0
DA:82,0
DA:83,0
LF:27
LH:10
BRDA:43,0,0,0
BRDA:43,0,1,0
BRDA:64,1,0,0
BRDA:64,1,1,0
BRDA:82,2,0,0
BRDA:82,2,1,0
BRF:6
BRH:0
end_of_record
TN:
SF:X:\workspace\apac-ishipplus\src\app\core\providers\local\address.service.ts
FN:26,(anonymous_0)
FN:40,(anonymous_1)
FN:45,(anonymous_2)
FN:53,(anonymous_3)
FN:58,(anonymous_4)
FN:66,(anonymous_5)
FN:71,(anonymous_6)
FN:80,(anonymous_7)
FN:85,(anonymous_8)
FN:94,(anonymous_9)
FN:100,(anonymous_10)
FN:109,(anonymous_11)
FN:115,(anonymous_12)
FNF:13
FNH:13
FNDA:15,(anonymous_0)
FNDA:3,(anonymous_1)
FNDA:3,(anonymous_2)
FNDA:3,(anonymous_3)
FNDA:3,(anonymous_4)
FNDA:2,(anonymous_5)
FNDA:2,(anonymous_6)
FNDA:2,(anonymous_7)
FNDA:2,(anonymous_8)
FNDA:2,(anonymous_9)
FNDA:2,(anonymous_10)
FNDA:2,(anonymous_11)
FNDA:2,(anonymous_12)
DA:18,1
DA:19,15
DA:20,15
DA:21,15
DA:22,15
DA:23,15
DA:24,15
DA:26,15
DA:27,15
DA:28,15
DA:29,15
DA:30,15
DA:31,15
DA:32,15
DA:33,15
DA:34,15
DA:35,15
DA:36,15
DA:37,15
DA:41,3
DA:42,3
DA:44,3
DA:46,3
DA:47,1
DA:54,3
DA:55,3
DA:57,3
DA:59,3
DA:60,1
DA:67,2
DA:68,2
DA:70,2
DA:72,2
DA:73,1
DA:81,2
DA:82,2
DA:84,2
DA:86,2
DA:87,1
DA:95,2
DA:96,2
DA:97,2
DA:99,2
DA:101,2
DA:102,1
DA:110,2
DA:111,2
DA:112,2
DA:114,2
DA:116,2
DA:117,1
LF:51
LH:51
BRDA:46,0,0,1
BRDA:46,0,1,2
BRDA:59,1,0,1
BRDA:59,1,1,2
BRDA:72,2,0,1
BRDA:72,2,1,1
BRDA:86,3,0,1
BRDA:86,3,1,1
BRDA:101,4,0,1
BRDA:101,4,1,1
BRDA:116,5,0,1
BRDA:116,5,1,1
BRF:12
BRH:12
end_of_record
TN:
SF:X:\workspace\apac-ishipplus\src\app\core\providers\local\commodity.service.ts
FN:26,(anonymous_0)
FN:40,(anonymous_1)
FN:45,(anonymous_2)
FN:53,(anonymous_3)
FN:58,(anonymous_4)
FN:81,(anonymous_5)
FN:86,(anonymous_6)
FN:94,(anonymous_7)
FN:99,(anonymous_8)
FN:107,(anonymous_9)
FN:112,(anonymous_10)
FN:120,(anonymous_11)
FN:126,(anonymous_12)
FNF:13
FNH:13
FNDA:16,(anonymous_0)
FNDA:3,(anonymous_1)
FNDA:2,(anonymous_2)
FNDA:3,(anonymous_3)
FNDA:2,(anonymous_4)
FNDA:2,(anonymous_5)
FNDA:2,(anonymous_6)
FNDA:2,(anonymous_7)
FNDA:2,(anonymous_8)
FNDA:2,(anonymous_9)
FNDA:2,(anonymous_10)
FNDA:3,(anonymous_11)
FNDA:2,(anonymous_12)
DA:17,1
DA:18,16
DA:19,16
DA:20,16
DA:21,16
DA:22,16
DA:23,16
DA:24,16
DA:26,16
DA:27,16
DA:28,16
DA:29,16
DA:30,16
DA:31,16
DA:32,16
DA:33,16
DA:34,16
DA:35,16
DA:36,16
DA:37,16
DA:41,3
DA:42,3
DA:44,3
DA:46,2
DA:47,1
DA:54,3
DA:55,3
DA:57,3
DA:59,2
DA:60,1
DA:82,2
DA:83,2
DA:85,2
DA:87,2
DA:88,1
DA:95,2
DA:96,2
DA:98,2
DA:100,2
DA:101,1
DA:108,2
DA:109,2
DA:111,2
DA:113,2
DA:114,1
DA:121,3
DA:122,3
DA:123,3
DA:125,3
DA:127,2
DA:128,1
LF:51
LH:51
BRDA:46,0,0,1
BRDA:46,0,1,1
BRDA:59,1,0,1
BRDA:59,1,1,1
BRDA:87,2,0,1
BRDA:87,2,1,1
BRDA:100,3,0,1
BRDA:100,3,1,1
BRDA:113,4,0,1
BRDA:113,4,1,1
BRDA:127,5,0,1
BRDA:127,5,1,1
BRF:12
BRH:12
end_of_record
TN:
SF:X:\workspace\apac-ishipplus\src\app\core\providers\local\create-shipment.service.ts
FN:25,(anonymous_0)
FN:39,(anonymous_1)
FN:45,(anonymous_2)
FNF:3
FNH:3
FNDA:7,(anonymous_0)
FNDA:6,(anonymous_1)
FNDA:6,(anonymous_2)
DA:22,1
DA:23,7
DA:25,7
DA:26,7
DA:27,7
DA:28,7
DA:29,7
DA:30,7
DA:40,6
DA:41,6
DA:42,6
DA:44,6
DA:46,6
DA:47,1
LF:14
LH:14
BRDA:46,0,0,1
BRDA:46,0,1,5
BRF:2
BRH:2
end_of_record
TN:
SF:X:\workspace\apac-ishipplus\src\app\core\providers\local\currency-uom-com-configuration.service.ts
FN:23,(anonymous_0)
FN:38,(anonymous_1)
FN:43,(anonymous_2)
FNF:3
FNH:3
FNDA:4,(anonymous_0)
FNDA:3,(anonymous_1)
FNDA:3,(anonymous_2)
DA:20,1
DA:21,4
DA:23,4
DA:24,4
DA:25,4
DA:26,4
DA:27,4
DA:39,3
DA:40,3
DA:42,3
DA:44,3
DA:45,1
LF:12
LH:12
BRDA:44,0,0,1
BRDA:44,0,1,2
BRF:2
BRH:2
end_of_record
TN:
SF:X:\workspace\apac-ishipplus\src\app\core\providers\local\index.ts
FNF:0
FNH:0
LF:0
LH:0
BRF:0
BRH:0
end_of_record
TN:
SF:X:\workspace\apac-ishipplus\src\app\core\providers\local\local-authentication.service.ts
FN:21,(anonymous_0)
FN:33,(anonymous_1)
FN:43,(anonymous_2)
FN:51,(anonymous_3)
FN:53,(anonymous_4)
FN:59,(anonymous_5)
FNF:6
FNH:6
FNDA:33,(anonymous_0)
FNDA:32,(anonymous_1)
FNDA:4,(anonymous_2)
FNDA:29,(anonymous_3)
FNDA:1,(anonymous_4)
FNDA:1,(anonymous_5)
DA:16,1
DA:18,33
DA:22,33
DA:23,33
DA:24,33
DA:25,33
DA:27,33
DA:28,33
DA:29,33
DA:30,33
DA:34,32
DA:35,32
DA:36,32
DA:42,32
DA:44,4
DA:45,1
DA:52,29
DA:54,1
DA:55,1
DA:60,1
DA:61,1
DA:62,0
DA:64,1
DA:65,1
LF:24
LH:23
BRDA:44,0,0,1
BRDA:44,0,1,3
BRDA:60,1,0,1
BRDA:60,1,1,0
BRDA:61,2,0,0
BRDA:61,2,1,1
BRF:6
BRH:4
end_of_record
TN:
SF:X:\workspace\apac-ishipplus\src\app\core\providers\local\message-centre.service.ts
FN:14,(anonymous_0)
FN:21,(anonymous_1)
FN:26,(anonymous_2)
FNF:3
FNH:3
FNDA:3,(anonymous_0)
FNDA:2,(anonymous_1)
FNDA:2,(anonymous_2)
DA:11,1
DA:12,3
DA:14,3
DA:15,3
DA:16,3
DA:17,3
DA:18,3
DA:22,2
DA:23,2
DA:25,2
DA:27,2
DA:28,1
LF:12
LH:12
BRDA:27,0,0,1
BRDA:27,0,1,1
BRF:2
BRH:2
end_of_record
TN:
SF:X:\workspace\apac-ishipplus\src\app\core\providers\local\p4e-otp.service.ts
FN:26,(anonymous_0)
FN:41,(anonymous_1)
FN:65,(anonymous_2)
FN:73,(anonymous_3)
FN:89,(anonymous_4)
FN:97,(anonymous_5)
FN:102,(anonymous_6)
FN:110,(anonymous_7)
FN:125,(anonymous_8)
FNF:9
FNH:7
FNDA:9,(anonymous_0)
FNDA:3,(anonymous_1)
FNDA:3,(anonymous_2)
FNDA:3,(anonymous_3)
FNDA:3,(anonymous_4)
FNDA:2,(anonymous_5)
FNDA:2,(anonymous_6)
FNDA:0,(anonymous_7)
FNDA:0,(anonymous_8)
DA:17,1
DA:24,9
DA:27,9
DA:28,9
DA:29,9
DA:31,9
DA:32,9
DA:33,9
DA:34,9
DA:35,9
DA:36,9
DA:37,9
DA:38,9
DA:42,3
DA:43,3
DA:44,3
DA:45,3
DA:46,3
DA:47,3
DA:48,3
DA:58,3
DA:64,3
DA:66,3
DA:67,1
DA:74,3
DA:75,3
DA:76,3
DA:77,3
DA:82,3
DA:88,3
DA:90,3
DA:91,1
DA:98,2
DA:99,2
DA:101,2
DA:103,2
DA:104,1
DA:111,0
DA:112,0
DA:113,0
DA:116,0
DA:117,0
DA:122,0
DA:124,0
DA:126,0
DA:127,0
LF:46
LH:37
BRDA:37,0,0,0
BRDA:37,0,1,9
BRDA:37,1,0,9
BRDA:37,1,1,9
BRDA:38,2,0,0
BRDA:38,2,1,9
BRDA:38,3,0,9
BRDA:38,3,1,9
BRDA:45,4,0,3
BRDA:45,4,1,0
BRDA:47,5,0,1
BRDA:47,5,1,2
BRDA:47,6,0,0
BRDA:47,6,1,1
BRDA:47,7,0,1
BRDA:47,7,1,1
BRDA:47,8,0,0
BRDA:47,8,1,2
BRDA:47,9,0,2
BRDA:47,9,1,2
BRDA:66,10,0,1
BRDA:66,10,1,2
BRDA:76,11,0,1
BRDA:76,11,1,2
BRDA:76,12,0,0
BRDA:76,12,1,1
BRDA:76,13,0,1
BRDA:76,13,1,1
BRDA:76,14,0,0
BRDA:76,14,1,2
BRDA:76,15,0,2
BRDA:76,15,1,2
BRDA:90,16,0,1
BRDA:90,16,1,2
BRDA:103,17,0,1
BRDA:103,17,1,1
BRDA:126,18,0,0
BRDA:126,18,1,0
BRF:38
BRH:29
end_of_record
TN:
SF:X:\workspace\apac-ishipplus\src\app\core\providers\local\payment.service.ts
FN:16,(anonymous_0)
FN:24,(anonymous_1)
FN:29,(anonymous_2)
FNF:3
FNH:3
FNDA:4,(anonymous_0)
FNDA:3,(anonymous_1)
FNDA:3,(anonymous_2)
DA:13,1
DA:17,4
DA:18,4
DA:19,4
DA:21,4
DA:25,3
DA:26,3
DA:28,3
DA:30,3
DA:31,1
LF:10
LH:10
BRDA:30,0,0,1
BRDA:30,0,1,2
BRF:2
BRH:2
end_of_record
TN:
SF:X:\workspace\apac-ishipplus\src\app\core\providers\local\rates.service.ts
FN:21,(anonymous_0)
FN:30,(anonymous_1)
FN:33,(anonymous_2)
FNF:3
FNH:3
FNDA:33,(anonymous_0)
FNDA:2,(anonymous_1)
FNDA:2,(anonymous_2)
DA:18,1
DA:22,33
DA:23,33
DA:24,33
DA:26,33
DA:27,33
DA:31,2
DA:32,2
DA:34,2
DA:35,1
LF:10
LH:10
BRDA:34,0,0,1
BRDA:34,0,1,1
BRF:2
BRH:2
end_of_record
TN:
SF:X:\workspace\apac-ishipplus\src\app\core\providers\local\shipment-feedback.service.ts
FN:23,(anonymous_0)
FN:37,(anonymous_1)
FN:43,(anonymous_2)
FNF:3
FNH:3
FNDA:4,(anonymous_0)
FNDA:3,(anonymous_1)
FNDA:3,(anonymous_2)
DA:20,1
DA:21,4
DA:23,4
DA:24,4
DA:25,4
DA:26,4
DA:27,4
DA:38,3
DA:39,3
DA:40,3
DA:42,3
DA:44,3
DA:45,1
LF:13
LH:13
BRDA:44,0,0,1
BRDA:44,0,1,2
BRF:2
BRH:2
end_of_record
TN:
SF:X:\workspace\apac-ishipplus\src\app\pages\account\line-login\service\line.service.ts
FN:16,(anonymous_0)
FN:22,(anonymous_1)
FN:39,(anonymous_2)
FN:49,(anonymous_3)
FNF:4
FNH:0
FNDA:0,(anonymous_0)
FNDA:0,(anonymous_1)
FNDA:0,(anonymous_2)
FNDA:0,(anonymous_3)
DA:10,1
DA:12,0
DA:13,0
DA:14,0
DA:16,0
DA:17,0
DA:18,0
DA:19,0
DA:23,0
DA:29,0
DA:36,0
DA:40,0
DA:46,0
DA:50,0
DA:56,0
LF:15
LH:1
BRF:0
BRH:0
end_of_record
TN:
SF:X:\workspace\apac-ishipplus\src\app\pages\account\login\login.ts
FN:60,(anonymous_0)
FN:80,(anonymous_1)
FN:91,(anonymous_2)
FN:94,(anonymous_3)
FN:104,(anonymous_4)
FN:116,(anonymous_5)
FN:120,(anonymous_6)
FN:126,(anonymous_7)
FN:136,(anonymous_8)
FN:144,(anonymous_9)
FN:152,(anonymous_10)
FN:157,(anonymous_11)
FN:164,(anonymous_12)
FN:172,(anonymous_13)
FN:186,(anonymous_14)
FN:192,(anonymous_15)
FN:195,(anonymous_16)
FN:203,(anonymous_17)
FN:208,(anonymous_18)
FN:212,(anonymous_19)
FN:222,(anonymous_20)
FN:226,(anonymous_21)
FN:232,(anonymous_22)
FN:235,(anonymous_23)
FN:236,(anonymous_24)
FN:240,(anonymous_25)
FNF:26
FNH:18
FNDA:17,(anonymous_0)
FNDA:0,(anonymous_1)
FNDA:4,(anonymous_2)
FNDA:3,(anonymous_3)
FNDA:0,(anonymous_4)
FNDA:0,(anonymous_5)
FNDA:1,(anonymous_6)
FNDA:2,(anonymous_7)
FNDA:5,(anonymous_8)
FNDA:5,(anonymous_9)
FNDA:3,(anonymous_10)
FNDA:0,(anonymous_11)
FNDA:2,(anonymous_12)
FNDA:2,(anonymous_13)
FNDA:2,(anonymous_14)
FNDA:1,(anonymous_15)
FNDA:0,(anonymous_16)
FNDA:0,(anonymous_17)
FNDA:1,(anonymous_18)
FNDA:0,(anonymous_19)
FNDA:1,(anonymous_20)
FNDA:0,(anonymous_21)
FNDA:1,(anonymous_22)
FNDA:22,(anonymous_23)
FNDA:22,(anonymous_24)
FNDA:2,(anonymous_25)
DA:32,1
DA:33,17
DA:34,17
DA:47,17
DA:48,17
DA:49,17
DA:50,17
DA:51,17
DA:55,17
DA:58,17
DA:61,17
DA:62,17
DA:63,17
DA:64,17
DA:65,17
DA:66,17
DA:67,17
DA:68,17
DA:69,17
DA:70,17
DA:71,17
DA:74,17
DA:75,17
DA:76,17
DA:77,17
DA:79,17
DA:80,0
DA:81,0
DA:82,0
DA:83,0
DA:84,0
DA:85,0
DA:92,4
DA:93,4
DA:94,3
DA:95,3
DA:96,3
DA:97,3
DA:98,3
DA:105,0
DA:106,0
DA:108,0
DA:109,0
DA:110,0
DA:112,0
DA:117,0
DA:121,1
DA:122,1
DA:123,1
DA:127,2
DA:128,2
DA:129,2
DA:130,1
DA:132,1
DA:137,5
DA:138,1
DA:140,4
DA:145,5
DA:146,5
DA:147,5
DA:148,5
DA:149,5
DA:153,3
DA:154,3
DA:158,0
DA:159,0
DA:160,0
DA:165,2
DA:166,2
DA:167,2
DA:168,1
DA:173,2
DA:174,2
DA:175,2
DA:176,1
DA:179,1
DA:187,2
DA:188,1
DA:193,1
DA:194,0
DA:196,0
DA:197,0
DA:203,0
DA:209,1
DA:210,0
DA:213,0
DA:216,0
DA:217,0
DA:223,1
DA:224,0
DA:227,0
DA:233,1
DA:234,1
DA:235,22
DA:236,22
DA:237,1
DA:241,2
DA:242,1
LF:98
LH:72
BRDA:75,0,0,0
BRDA:75,0,1,17
BRDA:76,1,0,0
BRDA:76,1,1,17
BRDA:77,2,0,0
BRDA:77,2,1,17
BRDA:79,3,0,0
BRDA:79,3,1,17
BRDA:79,4,0,17
BRDA:79,4,1,17
BRDA:83,5,0,0
BRDA:83,5,1,0
BRDA:83,6,0,0
BRDA:83,6,1,0
BRDA:93,7,0,3
BRDA:93,7,1,1
BRDA:94,8,0,0
BRDA:94,8,1,3
BRDA:94,9,0,3
BRDA:94,9,1,3
BRDA:97,10,0,3
BRDA:97,10,1,0
BRDA:108,11,0,0
BRDA:108,11,1,0
BRDA:108,12,0,0
BRDA:108,12,1,0
BRDA:109,13,0,0
BRDA:109,13,1,0
BRDA:129,14,0,1
BRDA:129,14,1,1
BRDA:137,15,0,1
BRDA:137,15,1,4
BRDA:158,16,0,0
BRDA:158,16,1,0
BRDA:167,17,0,1
BRDA:167,17,1,1
BRDA:175,18,0,1
BRDA:175,18,1,1
BRDA:187,19,0,1
BRDA:187,19,1,1
BRDA:193,20,0,0
BRDA:193,20,1,1
BRDA:209,21,0,0
BRDA:209,21,1,1
BRDA:214,22,0,0
BRDA:214,22,1,0
BRDA:223,23,0,0
BRDA:223,23,1,1
BRDA:235,24,0,1
BRDA:235,24,1,0
BRDA:235,25,0,1
BRDA:235,25,1,1
BRDA:235,26,0,22
BRDA:235,26,1,2
BRDA:236,27,0,1
BRDA:236,27,1,0
BRDA:236,28,0,1
BRDA:236,28,1,1
BRDA:236,29,0,22
BRDA:236,29,1,2
BRDA:241,30,0,1
BRDA:241,30,1,1
BRF:62
BRH:37
end_of_record
TN:
SF:X:\workspace\apac-ishipplus\src\app\pages\account\otp-login\otp-login.page.ts
FN:36,(anonymous_0)
FN:47,(anonymous_1)
FN:59,(anonymous_2)
FN:65,(anonymous_3)
FN:68,(anonymous_4)
FN:72,(anonymous_5)
FN:80,(anonymous_6)
FN:84,(anonymous_7)
FN:89,(anonymous_8)
FN:102,(anonymous_9)
FN:110,(anonymous_10)
FN:122,(anonymous_11)
FN:126,(anonymous_12)
FN:130,(anonymous_13)
FN:133,(anonymous_14)
FN:134,(anonymous_15)
FN:143,(anonymous_16)
FN:147,(anonymous_17)
FNF:18
FNH:15
FNDA:12,(anonymous_0)
FNDA:14,(anonymous_1)
FNDA:12,(anonymous_2)
FNDA:13,(anonymous_3)
FNDA:13,(anonymous_4)
FNDA:2,(anonymous_5)
FNDA:14,(anonymous_6)
FNDA:78,(anonymous_7)
FNDA:3,(anonymous_8)
FNDA:3,(anonymous_9)
FNDA:2,(anonymous_10)
FNDA:3,(anonymous_11)
FNDA:3,(anonymous_12)
FNDA:0,(anonymous_13)
FNDA:0,(anonymous_14)
FNDA:0,(anonymous_15)
FNDA:1,(anonymous_16)
FNDA:14,(anonymous_17)
DA:17,1
DA:24,1
DA:26,12
DA:27,1
DA:28,1
DA:31,12
DA:32,12
DA:33,12
DA:34,12
DA:37,12
DA:38,12
DA:39,12
DA:40,12
DA:41,12
DA:42,12
DA:44,12
DA:48,14
DA:52,14
DA:53,14
DA:54,13
DA:56,14
DA:60,12
DA:61,12
DA:66,13
DA:69,13
DA:70,1
DA:71,1
DA:72,2
DA:73,1
DA:74,1
DA:81,14
DA:85,78
DA:90,3
DA:91,3
DA:92,1
DA:95,3
DA:96,1
DA:98,2
DA:103,3
DA:104,2
DA:105,2
DA:106,2
DA:107,1
DA:110,2
DA:111,2
DA:112,2
DA:113,1
DA:115,2
DA:116,2
DA:123,3
DA:127,3
DA:131,0
DA:132,0
DA:133,0
DA:134,0
DA:135,0
DA:136,0
DA:137,0
DA:140,0
DA:144,1
DA:148,14
DA:149,14
LF:62
LH:54
BRDA:53,0,0,13
BRDA:53,0,1,1
BRDA:60,1,0,12
BRDA:60,1,1,0
BRDA:69,2,0,1
BRDA:69,2,1,12
BRDA:91,3,0,1
BRDA:91,3,1,2
BRDA:95,4,0,1
BRDA:95,4,1,2
BRDA:95,5,0,3
BRDA:95,5,1,1
BRDA:103,6,0,2
BRDA:103,6,1,1
BRDA:106,7,0,1
BRDA:106,7,1,1
BRDA:111,8,0,2
BRDA:111,8,1,0
BRDA:112,9,0,1
BRDA:112,9,1,1
BRDA:123,10,0,3
BRDA:123,10,1,3
BRDA:127,11,0,3
BRDA:127,11,1,3
BRDA:133,12,0,0
BRDA:133,12,1,0
BRDA:133,13,0,0
BRDA:133,13,1,0
BRDA:134,14,0,0
BRDA:134,14,1,0
BRDA:134,15,0,0
BRDA:134,15,1,0
BRDA:135,16,0,0
BRDA:135,16,1,0
BRDA:136,17,0,0
BRDA:136,17,1,0
BRDA:149,18,0,1
BRDA:149,18,1,13
BRF:38
BRH:24
end_of_record
TN:
SF:X:\workspace\apac-ishipplus\src\app\pages\account\otp-verification\otp-verification.page.ts
FN:61,(anonymous_0)
FN:74,(anonymous_1)
FN:84,(anonymous_2)
FN:89,(anonymous_3)
FN:105,(anonymous_4)
FN:112,(anonymous_5)
FN:116,(anonymous_6)
FN:120,(anonymous_7)
FN:134,(anonymous_8)
FN:141,(anonymous_9)
FN:149,(anonymous_10)
FN:157,(anonymous_11)
FN:161,(anonymous_12)
FN:185,(anonymous_13)
FN:189,(anonymous_14)
FN:200,(anonymous_15)
FN:204,(anonymous_16)
FN:216,(anonymous_17)
FN:223,(anonymous_18)
FN:228,(anonymous_19)
FN:236,(anonymous_20)
FN:243,(anonymous_21)
FN:244,(anonymous_22)
FN:251,(anonymous_23)
FN:264,(anonymous_24)
FN:268,(anonymous_25)
FN:280,(anonymous_27)
FN:289,(anonymous_28)
FN:291,(anonymous_29)
FN:299,(anonymous_30)
FN:303,(anonymous_31)
FNF:31
FNH:27
FNDA:21,(anonymous_0)
FNDA:21,(anonymous_1)
FNDA:0,(anonymous_2)
FNDA:32,(anonymous_3)
FNDA:21,(anonymous_4)
FNDA:0,(anonymous_5)
FNDA:2,(anonymous_6)
FNDA:2,(anonymous_7)
FNDA:32,(anonymous_8)
FNDA:1,(anonymous_9)
FNDA:0,(anonymous_10)
FNDA:6,(anonymous_11)
FNDA:6,(anonymous_12)
FNDA:1,(anonymous_13)
FNDA:1,(anonymous_14)
FNDA:1,(anonymous_15)
FNDA:1,(anonymous_16)
FNDA:1,(anonymous_17)
FNDA:32,(anonymous_18)
FNDA:5,(anonymous_19)
FNDA:1,(anonymous_20)
FNDA:2,(anonymous_21)
FNDA:2,(anonymous_22)
FNDA:1,(anonymous_23)
FNDA:1,(anonymous_24)
FNDA:1,(anonymous_25)
FNDA:0,(anonymous_27)
FNDA:4,(anonymous_28)
FNDA:4,(anonymous_29)
FNDA:2,(anonymous_30)
FNDA:1,(anonymous_31)
DA:30,1
DA:32,21
DA:33,1
DA:34,1
DA:35,1
DA:36,1
DA:37,1
DA:38,1
DA:41,21
DA:42,21
DA:46,21
DA:47,21
DA:48,21
DA:49,21
DA:50,21
DA:52,21
DA:53,21
DA:55,21
DA:56,21
DA:57,21
DA:59,21
DA:62,21
DA:63,21
DA:64,21
DA:65,21
DA:66,21
DA:67,21
DA:68,21
DA:69,21
DA:70,21
DA:71,21
DA:72,21
DA:73,21
DA:74,21
DA:75,21
DA:76,0
DA:77,0
DA:79,0
DA:80,0
DA:81,0
DA:82,0
DA:84,0
DA:90,32
DA:99,32
DA:100,32
DA:102,32
DA:106,21
DA:107,21
DA:108,21
DA:113,0
DA:117,2
DA:118,2
DA:119,1
DA:120,1
DA:121,2
DA:122,1
DA:123,1
DA:125,2
DA:126,2
DA:127,2
DA:130,1
DA:135,32
DA:136,32
DA:137,32
DA:142,1
DA:143,1
DA:144,1
DA:150,0
DA:151,0
DA:152,0
DA:158,6
DA:159,6
DA:160,6
DA:161,6
DA:162,6
DA:163,2
DA:164,1
DA:166,1
DA:169,6
DA:170,4
DA:171,4
DA:172,4
DA:173,2
DA:174,2
DA:175,2
DA:176,2
DA:177,1
DA:186,1
DA:187,1
DA:188,1
DA:189,1
DA:190,1
DA:191,1
DA:192,1
DA:194,1
DA:195,1
DA:201,1
DA:205,1
DA:206,1
DA:207,0
DA:209,1
DA:213,1
DA:217,1
DA:224,32
DA:225,32
DA:226,5
DA:227,5
DA:229,5
DA:230,5
DA:237,1
DA:240,1
DA:244,2
DA:245,2
DA:252,1
DA:265,1
DA:269,1
DA:270,1
DA:281,0
DA:286,1
DA:290,4
DA:292,4
DA:293,2
DA:300,2
DA:304,1
DA:305,1
DA:306,1
DA:307,1
LF:127
LH:114
BRDA:75,0,0,0
BRDA:75,0,1,21
BRDA:81,1,0,0
BRDA:81,1,1,0
BRDA:84,2,0,0
BRDA:84,2,1,0
BRDA:99,3,0,32
BRDA:99,3,1,0
BRDA:106,4,0,21
BRDA:106,4,1,0
BRDA:108,5,0,0
BRDA:108,5,1,21
BRDA:108,6,0,21
BRDA:108,6,1,21
BRDA:118,7,0,1
BRDA:118,7,1,1
BRDA:121,8,0,1
BRDA:121,8,1,1
BRDA:130,9,0,0
BRDA:130,9,1,1
BRDA:130,10,0,1
BRDA:130,10,1,1
BRDA:143,11,0,1
BRDA:143,11,1,0
BRDA:151,12,0,0
BRDA:151,12,1,0
BRDA:151,13,0,0
BRDA:151,13,1,0
BRDA:159,14,0,6
BRDA:159,14,1,0
BRDA:162,15,0,2
BRDA:162,15,1,4
BRDA:163,16,0,1
BRDA:163,16,1,1
BRDA:169,17,0,4
BRDA:169,17,1,2
BRDA:169,18,0,6
BRDA:169,18,1,4
BRDA:172,19,0,2
BRDA:172,19,1,2
BRDA:172,20,0,4
BRDA:172,20,1,3
BRDA:176,21,0,1
BRDA:176,21,1,1
BRDA:176,22,0,2
BRDA:176,22,1,1
BRDA:188,23,0,0
BRDA:188,23,1,1
BRDA:188,24,0,1
BRDA:188,24,1,1
BRDA:190,25,0,1
BRDA:190,25,1,0
BRDA:191,26,0,1
BRDA:191,26,1,0
BRDA:206,27,0,0
BRDA:206,27,1,1
BRDA:225,28,0,5
BRDA:225,28,1,27
BRDA:229,29,0,5
BRDA:229,29,1,0
BRDA:269,30,0,0
BRDA:269,30,1,1
BRDA:271,31,0,0
BRDA:271,31,1,1
BRDA:275,32,0,0
BRDA:275,32,1,1
BRDA:278,33,0,0
BRDA:278,33,1,1
BRDA:286,34,0,1
BRDA:286,34,1,0
BRDA:286,35,0,1
BRDA:286,35,1,1
BRDA:292,36,0,2
BRDA:292,36,1,2
BRF:74
BRH:49
end_of_record
TN:
SF:X:\workspace\apac-ishipplus\src\app\pages\modals\notification-modal\notification-modal.module.ts
FNF:0
FNH:0
DA:18,1
LF:1
LH:1
BRF:0
BRH:0
end_of_record
TN:
SF:X:\workspace\apac-ishipplus\src\app\pages\modals\notification-modal\notification-modal.ts
FN:38,(anonymous_0)
FN:41,(anonymous_1)
FN:74,(anonymous_2)
FNF:3
FNH:3
FNDA:6,(anonymous_0)
FNDA:10,(anonymous_1)
FNDA:1,(anonymous_2)
DA:20,1
DA:38,6
DA:49,10
DA:50,1
DA:51,1
DA:52,1
DA:53,9
DA:54,1
DA:55,1
DA:56,1
DA:58,8
DA:59,1
DA:60,1
DA:61,1
DA:63,7
DA:64,1
DA:65,1
DA:66,1
DA:75,1
LF:19
LH:19
BRDA:49,0,0,1
BRDA:49,0,1,9
BRDA:53,1,0,1
BRDA:53,1,1,8
BRDA:58,2,0,1
BRDA:58,2,1,7
BRDA:63,3,0,1
BRDA:63,3,1,6
BRF:8
BRH:8
end_of_record
TN:
SF:X:\workspace\apac-ishipplus\src\app\pages\non-shipping\loading-page\loading-page.page.ts
FN:11,(anonymous_0)
FN:13,(anonymous_1)
FN:17,(anonymous_2)
FNF:3
FNH:3
FNDA:3,(anonymous_0)
FNDA:4,(anonymous_1)
FNDA:4,(anonymous_2)
DA:9,1
DA:11,3
DA:14,4
DA:18,4
LF:4
LH:4
BRF:0
BRH:0
end_of_record
TN:
SF:X:\workspace\apac-ishipplus\src\app\pages\non-shipping\message-centre\message-centre-routing.module.ts
FNF:0
FNH:0
DA:6,1
DA:12,1
LF:2
LH:2
BRF:0
BRH:0
end_of_record
TN:
SF:X:\workspace\apac-ishipplus\src\app\pages\non-shipping\message-centre\message-centre.module.ts
FNF:0
FNH:0
DA:24,1
LF:1
LH:1
BRF:0
BRH:0
end_of_record
TN:
SF:X:\workspace\apac-ishipplus\src\app\pages\non-shipping\message-centre\message-centre.page.ts
FN:32,(anonymous_0)
FN:39,(anonymous_1)
FN:42,(anonymous_2)
FN:50,(anonymous_3)
FN:51,(anonymous_4)
FN:60,(anonymous_5)
FN:66,(anonymous_6)
FN:74,(anonymous_7)
FN:78,(anonymous_8)
FN:86,(anonymous_9)
FNF:10
FNH:10
FNDA:5,(anonymous_0)
FNDA:5,(anonymous_1)
FNDA:5,(anonymous_2)
FNDA:5,(anonymous_3)
FNDA:5,(anonymous_4)
FNDA:5,(anonymous_5)
FNDA:8,(anonymous_6)
FNDA:1,(anonymous_7)
FNDA:9,(anonymous_8)
FNDA:2,(anonymous_9)
DA:18,1
DA:21,5
DA:25,5
DA:26,5
DA:28,5
DA:30,5
DA:33,5
DA:34,5
DA:35,5
DA:40,5
DA:41,5
DA:42,5
DA:43,5
DA:44,5
DA:45,5
DA:51,5
DA:52,5
DA:53,5
DA:54,5
DA:55,5
DA:61,5
DA:62,10
DA:67,8
DA:68,1
DA:69,1
DA:71,8
DA:75,1
DA:79,9
DA:80,1
DA:81,1
DA:82,1
DA:87,2
DA:88,2
DA:89,1
DA:90,1
DA:91,1
DA:93,1
DA:94,1
DA:95,1
LF:39
LH:39
BRDA:43,0,0,5
BRDA:43,0,1,0
BRDA:52,1,0,5
BRDA:52,1,1,0
BRDA:67,2,0,1
BRDA:67,2,1,7
BRDA:79,3,0,1
BRDA:79,3,1,8
BRDA:88,4,0,1
BRDA:88,4,1,1
BRF:10
BRH:8
end_of_record
TN:
SF:X:\workspace\apac-ishipplus\src\app\pages\non-shipping\terms-and-conditions\terms-and-conditions.page.ts
FN:10,(anonymous_0)
FN:12,(anonymous_1)
FNF:2
FNH:2
FNDA:1,(anonymous_0)
FNDA:1,(anonymous_1)
DA:8,1
LF:1
LH:1
BRF:0
BRH:0
end_of_record
TN:
SF:X:\workspace\apac-ishipplus\src\app\pages\non-shipping\terms-and-conditions-kr\terms-and-conditions-kr.page.ts
FN:37,(anonymous_0)
FN:45,(anonymous_1)
FN:57,(anonymous_2)
FN:83,(anonymous_3)
FN:107,(anonymous_4)
FN:109,(anonymous_5)
FN:114,(anonymous_6)
FN:116,(anonymous_7)
FN:121,(anonymous_8)
FN:131,(anonymous_9)
FN:140,(anonymous_10)
FN:142,(anonymous_11)
FNF:12
FNH:12
FNDA:11,(anonymous_0)
FNDA:11,(anonymous_1)
FNDA:24,(anonymous_2)
FNDA:13,(anonymous_3)
FNDA:2,(anonymous_4)
FNDA:2,(anonymous_5)
FNDA:2,(anonymous_6)
FNDA:2,(anonymous_7)
FNDA:15,(anonymous_8)
FNDA:2,(anonymous_9)
FNDA:1,(anonymous_10)
FNDA:1,(anonymous_11)
DA:17,1
DA:30,11
DA:31,11
DA:38,11
DA:39,11
DA:40,11
DA:41,11
DA:42,11
DA:46,11
DA:47,11
DA:58,24
DA:84,13
DA:85,13
DA:86,13
DA:87,2
DA:88,2
DA:89,2
DA:90,2
DA:91,2
DA:92,2
DA:93,2
DA:94,11
DA:95,3
DA:96,3
DA:97,3
DA:98,3
DA:99,3
DA:100,3
DA:101,3
DA:103,13
DA:104,13
DA:108,2
DA:109,2
DA:110,2
DA:115,2
DA:116,2
DA:117,2
DA:122,15
DA:125,1
DA:127,14
DA:132,2
DA:133,2
DA:134,1
DA:135,1
DA:137,2
DA:141,1
DA:143,1
DA:144,1
LF:48
LH:48
BRDA:86,0,0,2
BRDA:86,0,1,11
BRDA:86,1,0,13
BRDA:86,1,1,5
BRDA:94,2,0,3
BRDA:94,2,1,8
BRDA:94,3,0,11
BRDA:94,3,1,3
BRDA:122,4,0,1
BRDA:122,4,1,14
BRDA:122,5,0,15
BRDA:122,5,1,2
BRDA:122,5,2,2
BRDA:122,5,3,2
BRDA:122,5,4,2
BRDA:122,5,5,2
BRDA:133,6,0,1
BRDA:133,6,1,1
BRDA:135,7,0,1
BRDA:135,7,1,0
BRDA:135,8,0,1
BRDA:135,8,1,1
BRDA:143,9,0,1
BRDA:143,9,1,0
BRF:24
BRH:22
end_of_record
TN:
SF:X:\workspace\apac-ishipplus\src\app\pages\shipping\+store\shipping.actions.ts
FNF:0
FNH:0
DA:25,1
DA:26,1
DA:27,1
DA:30,1
DA:31,1
DA:34,1
DA:35,1
DA:36,1
DA:38,1
DA:39,1
DA:40,1
DA:42,1
DA:44,1
DA:46,1
DA:47,1
DA:49,1
DA:50,1
DA:53,1
DA:54,1
DA:55,1
DA:58,1
DA:59,1
DA:60,1
DA:63,1
DA:64,1
DA:65,1
DA:68,1
DA:69,1
DA:70,1
DA:73,1
DA:74,1
DA:75,1
DA:78,1
DA:79,1
DA:80,1
DA:83,1
DA:84,1
DA:85,1
DA:88,1
DA:89,1
DA:92,1
DA:93,1
DA:94,1
DA:97,1
DA:98,1
DA:99,1
DA:102,1
DA:103,1
DA:104,1
DA:107,1
DA:108,1
DA:109,1
DA:112,1
DA:113,1
DA:114,1
DA:117,1
DA:118,1
DA:119,1
DA:122,1
DA:123,1
DA:124,1
DA:127,1
DA:128,1
DA:129,1
DA:132,1
DA:133,1
DA:134,1
DA:136,1
DA:139,1
DA:140,1
DA:141,1
DA:144,1
DA:145,1
DA:146,1
DA:149,1
DA:150,1
DA:151,1
DA:152,1
DA:155,1
DA:156,1
DA:157,1
DA:160,1
DA:161,1
DA:162,1
DA:165,1
DA:168,1
DA:171,1
DA:174,1
DA:175,1
DA:176,1
DA:179,1
DA:180,1
DA:181,1
DA:184,1
DA:185,1
DA:186,1
DA:189,1
DA:190,1
DA:191,1
DA:194,1
DA:195,1
DA:196,1
DA:199,1
DA:200,1
DA:201,1
DA:204,1
LF:106
LH:106
BRF:0
BRH:0
end_of_record
TN:
SF:X:\workspace\apac-ishipplus\src\app\pages\shipping\+store\shipping.selectors.ts
FN:5,(anonymous_0)
FN:8,(anonymous_1)
FN:12,(anonymous_2)
FN:15,(anonymous_3)
FN:18,(anonymous_4)
FN:21,(anonymous_5)
FN:24,(anonymous_6)
FN:27,(anonymous_7)
FN:31,(anonymous_8)
FN:34,(anonymous_9)
FN:36,(anonymous_10)
FN:39,(anonymous_11)
FN:42,(anonymous_12)
FN:45,(anonymous_13)
FN:49,(anonymous_14)
FN:53,(anonymous_15)
FN:57,(anonymous_16)
FN:61,(anonymous_17)
FN:65,(anonymous_18)
FN:69,(anonymous_19)
FN:72,(anonymous_20)
FN:75,(anonymous_21)
FN:78,(anonymous_22)
FN:82,(anonymous_23)
FN:90,(anonymous_24)
FN:93,(anonymous_25)
FN:96,(anonymous_26)
FN:99,(anonymous_27)
FN:102,(anonymous_28)
FN:105,(anonymous_29)
FN:114,(anonymous_30)
FN:117,(anonymous_31)
FN:120,(anonymous_32)
FN:123,(anonymous_33)
FN:126,(anonymous_34)
FN:129,(anonymous_35)
FN:132,(anonymous_36)
FN:135,(anonymous_37)
FN:138,(anonymous_38)
FN:141,(anonymous_39)
FN:145,(anonymous_40)
FN:149,(anonymous_41)
FN:153,(anonymous_42)
FN:157,(anonymous_43)
FN:162,(anonymous_44)
FN:165,(anonymous_45)
FNF:46
FNH:39
FNDA:502,(anonymous_0)
FNDA:6,(anonymous_1)
FNDA:1,(anonymous_2)
FNDA:2,(anonymous_3)
FNDA:30,(anonymous_4)
FNDA:17,(anonymous_5)
FNDA:17,(anonymous_6)
FNDA:6,(anonymous_7)
FNDA:0,(anonymous_8)
FNDA:0,(anonymous_9)
FNDA:2,(anonymous_10)
FNDA:3,(anonymous_11)
FNDA:2,(anonymous_12)
FNDA:5,(anonymous_13)
FNDA:3,(anonymous_14)
FNDA:21,(anonymous_15)
FNDA:7,(anonymous_16)
FNDA:3,(anonymous_17)
FNDA:6,(anonymous_18)
FNDA:17,(anonymous_19)
FNDA:17,(anonymous_20)
FNDA:9,(anonymous_21)
FNDA:33,(anonymous_22)
FNDA:0,(anonymous_23)
FNDA:33,(anonymous_24)
FNDA:33,(anonymous_25)
FNDA:6,(anonymous_26)
FNDA:3,(anonymous_27)
FNDA:2,(anonymous_28)
FNDA:6,(anonymous_29)
FNDA:41,(anonymous_30)
FNDA:41,(anonymous_31)
FNDA:3,(anonymous_32)
FNDA:0,(anonymous_33)
FNDA:32,(anonymous_34)
FNDA:11,(anonymous_35)
FNDA:16,(anonymous_36)
FNDA:0,(anonymous_37)
FNDA:0,(anonymous_38)
FNDA:7,(anonymous_39)
FNDA:4,(anonymous_40)
FNDA:5,(anonymous_41)
FNDA:5,(anonymous_42)
FNDA:0,(anonymous_43)
FNDA:6,(anonymous_44)
FNDA:41,(anonymous_45)
DA:5,502
DA:7,1
DA:8,6
DA:11,1
DA:12,1
DA:14,1
DA:15,2
DA:17,1
DA:18,30
DA:20,1
DA:21,17
DA:23,1
DA:24,17
DA:26,1
DA:27,6
DA:30,1
DA:31,0
DA:33,1
DA:34,0
DA:36,2
DA:38,1
DA:39,3
DA:41,1
DA:42,2
DA:44,1
DA:45,5
DA:48,1
DA:49,3
DA:52,1
DA:53,21
DA:56,1
DA:57,7
DA:60,1
DA:61,3
DA:64,1
DA:65,6
DA:68,1
DA:69,17
DA:71,1
DA:72,17
DA:74,1
DA:75,9
DA:77,1
DA:78,33
DA:81,1
DA:83,0
DA:89,1
DA:90,33
DA:92,1
DA:93,33
DA:95,1
DA:96,6
DA:98,1
DA:99,3
DA:101,1
DA:102,2
DA:104,1
DA:106,6
DA:113,1
DA:114,41
DA:116,1
DA:117,41
DA:119,1
DA:120,3
DA:122,1
DA:123,0
DA:125,1
DA:126,32
DA:128,1
DA:129,11
DA:131,1
DA:132,16
DA:134,1
DA:135,0
DA:137,1
DA:138,0
DA:140,1
DA:141,7
DA:144,1
DA:145,4
DA:148,1
DA:149,5
DA:152,1
DA:153,5
DA:156,1
DA:158,0
DA:161,1
DA:162,6
DA:164,1
DA:165,41
LF:90
LH:83
BRDA:28,0,0,4
BRDA:28,0,1,2
BRDA:27,1,0,6
BRDA:27,1,1,4
BRDA:31,2,0,0
BRDA:31,2,1,0
BRDA:34,3,0,0
BRDA:34,3,1,0
BRDA:39,4,0,0
BRDA:39,4,1,3
BRDA:42,5,0,1
BRDA:42,5,1,1
BRDA:45,6,0,4
BRDA:45,6,1,1
BRDA:46,7,0,4
BRDA:46,7,1,0
BRDA:49,8,0,2
BRDA:49,8,1,1
BRDA:50,9,0,2
BRDA:50,9,1,0
BRDA:53,10,0,3
BRDA:53,10,1,18
BRDA:54,11,0,3
BRDA:54,11,1,0
BRDA:57,12,0,0
BRDA:57,12,1,7
BRDA:58,13,0,0
BRDA:58,13,1,0
BRDA:61,14,0,0
BRDA:61,14,1,3
BRDA:62,15,0,0
BRDA:62,15,1,0
BRDA:65,16,0,0
BRDA:65,16,1,6
BRDA:66,17,0,0
BRDA:66,17,1,0
BRDA:69,18,0,0
BRDA:69,18,1,17
BRDA:72,19,0,0
BRDA:72,19,1,17
BRDA:75,20,0,2
BRDA:75,20,1,7
BRDA:78,21,0,0
BRDA:78,21,1,33
BRDA:84,22,0,0
BRDA:84,22,1,0
BRDA:85,23,0,0
BRDA:85,23,1,0
BRDA:85,24,0,0
BRDA:85,24,1,0
BRDA:90,25,0,0
BRDA:90,25,1,33
BRDA:93,26,0,0
BRDA:93,26,1,33
BRDA:96,27,0,1
BRDA:96,27,1,5
BRDA:99,28,0,1
BRDA:99,28,1,2
BRDA:102,29,0,2
BRDA:102,29,1,0
BRDA:107,30,0,6
BRDA:107,30,1,0
BRDA:109,31,0,6
BRDA:109,31,1,0
BRDA:108,32,0,6
BRDA:108,32,1,6
BRDA:114,33,0,0
BRDA:114,33,1,41
BRDA:117,34,0,0
BRDA:117,34,1,41
BRDA:120,35,0,0
BRDA:120,35,1,3
BRDA:123,36,0,0
BRDA:123,36,1,0
BRDA:126,37,0,30
BRDA:126,37,1,2
BRDA:129,38,0,0
BRDA:129,38,1,11
BRDA:132,39,0,0
BRDA:132,39,1,16
BRDA:135,40,0,0
BRDA:135,40,1,0
BRDA:138,41,0,0
BRDA:138,41,1,0
BRDA:141,42,0,0
BRDA:141,42,1,7
BRDA:142,43,0,0
BRDA:142,43,1,0
BRDA:145,44,0,3
BRDA:145,44,1,1
BRDA:146,45,0,0
BRDA:146,45,1,3
BRDA:149,46,0,5
BRDA:149,46,1,0
BRDA:150,47,0,0
BRDA:150,47,1,5
BRDA:153,48,0,5
BRDA:153,48,1,0
BRDA:154,49,0,0
BRDA:154,49,1,5
BRDA:158,50,0,0
BRDA:158,50,1,0
BRDA:162,51,0,0
BRDA:162,51,1,6
BRDA:165,52,0,0
BRDA:165,52,1,41
BRF:106
BRH:52
end_of_record
TN:
SF:X:\workspace\apac-ishipplus\src\app\pages\shipping\components\navigation-stepper\navigation-stepper.component.ts
FN:13,(anonymous_0)
FN:23,(anonymous_1)
FN:25,(anonymous_2)
FNF:3
FNH:3
FNDA:1,(anonymous_0)
FNDA:1,(anonymous_1)
FNDA:10,(anonymous_2)
DA:9,1
DA:10,1
DA:11,1
DA:14,1
DA:26,10
LF:5
LH:5
BRDA:26,0,0,0
BRDA:26,0,1,10
BRF:2
BRH:1
end_of_record
TN:
SF:X:\workspace\apac-ishipplus\src\app\pages\shipping\customs-commodity-details\customs-commodity-details.page.ts
FN:88,(anonymous_0)
FN:107,(anonymous_1)
FN:116,(anonymous_2)
FN:134,(anonymous_3)
FN:152,(anonymous_4)
FN:154,(anonymous_5)
FN:161,(anonymous_6)
FN:168,(anonymous_7)
FN:169,(anonymous_8)
FN:176,(anonymous_9)
FN:178,(anonymous_10)
FN:187,(anonymous_11)
FN:189,(anonymous_12)
FN:198,(anonymous_13)
FN:206,(anonymous_14)
FN:208,(anonymous_15)
FN:209,(anonymous_16)
FN:219,(anonymous_17)
FN:225,(anonymous_18)
FN:227,(anonymous_19)
FN:239,(anonymous_20)
FN:243,(anonymous_21)
FN:271,(anonymous_22)
FN:273,(anonymous_23)
FN:283,(anonymous_24)
FN:300,(anonymous_25)
FN:304,(anonymous_26)
FN:305,(anonymous_27)
FN:308,(anonymous_28)
FN:320,(anonymous_29)
FN:329,(anonymous_31)
FN:332,(anonymous_32)
FN:341,(anonymous_33)
FN:356,(anonymous_34)
FN:370,(anonymous_35)
FN:378,(anonymous_36)
FN:403,(anonymous_37)
FN:411,(anonymous_38)
FN:417,(anonymous_39)
FN:435,(anonymous_40)
FN:436,(anonymous_41)
FN:440,(anonymous_42)
FN:456,(anonymous_43)
FN:465,(anonymous_44)
FN:469,(anonymous_45)
FN:482,(anonymous_47)
FN:483,(anonymous_48)
FN:489,(anonymous_49)
FN:497,(anonymous_50)
FN:507,(anonymous_52)
FN:509,(anonymous_53)
FN:518,(anonymous_54)
FN:519,(anonymous_55)
FN:523,(anonymous_56)
FN:533,(anonymous_57)
FN:539,(anonymous_58)
FN:541,(anonymous_59)
FN:544,(anonymous_60)
FN:551,(anonymous_61)
FN:556,(anonymous_62)
FN:558,(anonymous_63)
FN:566,(anonymous_64)
FN:567,(anonymous_65)
FN:580,(anonymous_66)
FN:586,(anonymous_67)
FNF:65
FNH:59
FNDA:41,(anonymous_0)
FNDA:61,(anonymous_1)
FNDA:195,(anonymous_2)
FNDA:61,(anonymous_3)
FNDA:61,(anonymous_4)
FNDA:61,(anonymous_5)
FNDA:60,(anonymous_6)
FNDA:61,(anonymous_7)
FNDA:61,(anonymous_8)
FNDA:60,(anonymous_9)
FNDA:60,(anonymous_10)
FNDA:60,(anonymous_11)
FNDA:60,(anonymous_12)
FNDA:40,(anonymous_13)
FNDA:22,(anonymous_14)
FNDA:132,(anonymous_15)
FNDA:462,(anonymous_16)
FNDA:21,(anonymous_17)
FNDA:61,(anonymous_18)
FNDA:61,(anonymous_19)
FNDA:61,(anonymous_20)
FNDA:1,(anonymous_21)
FNDA:60,(anonymous_22)
FNDA:60,(anonymous_23)
FNDA:7,(anonymous_24)
FNDA:1,(anonymous_25)
FNDA:769,(anonymous_26)
FNDA:2689,(anonymous_27)
FNDA:6,(anonymous_28)
FNDA:1,(anonymous_29)
FNDA:0,(anonymous_31)
FNDA:0,(anonymous_32)
FNDA:2,(anonymous_33)
FNDA:2,(anonymous_34)
FNDA:4,(anonymous_35)
FNDA:1,(anonymous_36)
FNDA:1,(anonymous_37)
FNDA:2,(anonymous_38)
FNDA:3,(anonymous_39)
FNDA:3,(anonymous_40)
FNDA:3,(anonymous_41)
FNDA:2,(anonymous_42)
FNDA:2,(anonymous_43)
FNDA:4019,(anonymous_44)
FNDA:5,(anonymous_45)
FNDA:0,(anonymous_47)
FNDA:0,(anonymous_48)
FNDA:0,(anonymous_49)
FNDA:2,(anonymous_50)
FNDA:61,(anonymous_52)
FNDA:61,(anonymous_53)
FNDA:22,(anonymous_54)
FNDA:132,(anonymous_55)
FNDA:8,(anonymous_56)
FNDA:41,(anonymous_57)
FNDA:62,(anonymous_58)
FNDA:62,(anonymous_59)
FNDA:3,(anonymous_60)
FNDA:1,(anonymous_61)
FNDA:62,(anonymous_62)
FNDA:62,(anonymous_63)
FNDA:3,(anonymous_64)
FNDA:21,(anonymous_65)
FNDA:3,(anonymous_66)
FNDA:0,(anonymous_67)
DA:39,1
DA:40,1
DA:41,1
DA:52,41
DA:55,41
DA:56,41
DA:61,41
DA:64,41
DA:68,41
DA:69,41
DA:70,41
DA:71,41
DA:83,41
DA:84,41
DA:86,41
DA:89,41
DA:90,41
DA:91,41
DA:92,41
DA:93,41
DA:94,41
DA:95,41
DA:96,41
DA:97,41
DA:98,41
DA:99,41
DA:100,41
DA:101,41
DA:102,41
DA:104,41
DA:108,61
DA:109,61
DA:110,61
DA:111,61
DA:112,61
DA:113,61
DA:114,61
DA:115,61
DA:116,195
DA:117,61
DA:119,61
DA:132,61
DA:135,61
DA:136,61
DA:141,61
DA:142,0
DA:145,61
DA:146,61
DA:147,61
DA:148,61
DA:149,61
DA:153,61
DA:155,61
DA:156,1
DA:162,60
DA:163,60
DA:164,60
DA:165,60
DA:169,61
DA:170,61
DA:171,20
DA:177,60
DA:179,60
DA:180,19
DA:181,19
DA:188,60
DA:190,60
DA:191,19
DA:192,19
DA:199,40
DA:200,21
DA:201,21
DA:202,21
DA:207,22
DA:208,22
DA:209,132
DA:210,462
DA:211,132
DA:212,132
DA:216,22
DA:220,21
DA:226,61
DA:228,61
DA:229,2
DA:230,2
DA:231,2
DA:232,2
DA:240,61
DA:241,1
DA:242,1
DA:243,1
DA:244,1
DA:245,6
DA:246,1
DA:248,5
DA:251,1
DA:252,1
DA:253,1
DA:254,1
DA:255,1
DA:256,1
DA:257,1
DA:258,1
DA:259,1
DA:260,1
DA:261,1
DA:262,1
DA:263,1
DA:264,1
DA:265,1
DA:266,1
DA:272,60
DA:274,60
DA:275,60
DA:276,60
DA:279,60
DA:281,60
DA:282,60
DA:283,60
DA:284,7
DA:285,7
DA:286,7
DA:287,7
DA:288,7
DA:289,7
DA:290,5
DA:291,5
DA:292,5
DA:294,2
DA:295,2
DA:301,1
DA:305,2689
DA:309,6
DA:310,6
DA:311,36
DA:312,6
DA:314,30
DA:317,6
DA:321,1
DA:329,1
DA:330,0
DA:331,0
DA:332,0
DA:334,0
DA:335,0
DA:338,0
DA:342,2
DA:343,2
DA:344,1
DA:345,1
DA:347,1
DA:357,2
DA:358,1
DA:359,1
DA:360,1
DA:364,1
DA:366,1
DA:371,4
DA:374,4
DA:375,4
DA:379,1
DA:381,0
DA:382,0
DA:385,0
DA:386,0
DA:389,1
DA:390,1
DA:393,0
DA:394,0
DA:397,0
DA:398,0
DA:404,1
DA:405,1
DA:408,1
DA:412,2
DA:413,2
DA:418,3
DA:419,3
DA:436,3
DA:437,3
DA:441,2
DA:442,2
DA:444,1
DA:445,1
DA:447,1
DA:449,1
DA:450,1
DA:452,1
DA:457,2
DA:458,2
DA:459,1
DA:460,1
DA:461,1
DA:466,4019
DA:470,5
DA:471,5
DA:472,5
DA:483,0
DA:484,0
DA:494,5
DA:498,2
DA:499,2
DA:504,2
DA:508,61
DA:510,61
DA:511,6
DA:512,6
DA:519,132
DA:520,22
DA:524,8
DA:525,8
DA:526,8
DA:527,8
DA:534,41
DA:535,41
DA:540,62
DA:542,62
DA:543,3
DA:544,3
DA:545,3
DA:552,1
DA:553,1
DA:557,62
DA:559,62
DA:560,62
DA:567,21
DA:568,3
DA:569,3
DA:580,3
DA:581,3
DA:587,0
LF:231
LH:213
BRDA:117,0,0,61
BRDA:117,0,1,0
BRDA:135,1,0,61
BRDA:135,1,1,0
BRDA:141,2,0,0
BRDA:141,2,1,61
BRDA:155,3,0,1
BRDA:155,3,1,60
BRDA:170,4,0,20
BRDA:170,4,1,41
BRDA:179,5,0,19
BRDA:179,5,1,41
BRDA:190,6,0,19
BRDA:190,6,1,41
BRDA:199,7,0,21
BRDA:199,7,1,19
BRDA:199,8,0,40
BRDA:199,8,1,21
BRDA:211,9,0,132
BRDA:211,9,1,0
BRDA:228,10,0,2
BRDA:228,10,1,59
BRDA:228,11,0,61
BRDA:228,11,1,2
BRDA:230,12,0,1
BRDA:230,12,1,1
BRDA:231,13,0,2
BRDA:231,13,1,0
BRDA:240,14,0,1
BRDA:240,14,1,60
BRDA:242,15,0,1
BRDA:242,15,1,0
BRDA:245,16,0,1
BRDA:245,16,1,5
BRDA:274,17,0,60
BRDA:274,17,1,0
BRDA:284,18,0,2
BRDA:284,18,1,5
BRDA:287,19,0,4
BRDA:287,19,1,3
BRDA:288,20,0,4
BRDA:288,20,1,3
BRDA:289,21,0,5
BRDA:289,21,1,2
BRDA:311,22,0,6
BRDA:311,22,1,30
BRDA:330,23,0,0
BRDA:330,23,1,0
BRDA:343,24,0,1
BRDA:343,24,1,1
BRDA:357,25,0,1
BRDA:357,25,1,1
BRDA:380,26,0,0
BRDA:380,26,1,0
BRDA:380,26,2,1
BRDA:380,26,3,0
BRDA:380,26,4,0
BRDA:412,27,0,2
BRDA:412,27,1,0
BRDA:412,28,0,2
BRDA:412,28,1,2
BRDA:443,29,0,1
BRDA:443,29,1,1
BRDA:444,30,0,1
BRDA:444,30,1,0
BRDA:449,31,0,1
BRDA:449,31,1,0
BRDA:458,32,0,1
BRDA:458,32,1,1
BRDA:458,33,0,2
BRDA:458,33,1,1
BRDA:460,34,0,1
BRDA:460,34,1,0
BRDA:470,35,0,0
BRDA:470,35,1,5
BRDA:473,36,0,0
BRDA:473,36,1,5
BRDA:481,37,0,0
BRDA:481,37,1,5
BRDA:487,38,0,0
BRDA:487,38,1,5
BRDA:510,39,0,6
BRDA:510,39,1,55
BRDA:526,40,0,8
BRDA:526,40,1,0
BRDA:534,41,0,41
BRDA:534,41,1,0
BRDA:542,42,0,3
BRDA:542,42,1,59
BRDA:559,43,0,62
BRDA:559,43,1,0
BRDA:567,44,0,0
BRDA:567,44,1,3
BRDA:567,45,0,3
BRDA:567,45,1,3
BRDA:568,46,0,3
BRDA:568,46,1,0
BRDA:568,47,0,3
BRDA:568,47,1,3
BRDA:575,48,0,3
BRDA:575,48,1,0
BRDA:575,49,0,3
BRDA:575,49,1,3
BRF:103
BRH:76
end_of_record
TN:
SF:X:\workspace\apac-ishipplus\src\app\pages\shipping\customs-commodity-details\components\search-commodity-item\search-commodity-item.component.ts
FN:32,(anonymous_0)
FN:39,(anonymous_1)
FN:50,(anonymous_2)
FN:56,(anonymous_3)
FN:58,(anonymous_4)
FN:65,(anonymous_5)
FN:67,(anonymous_6)
FN:76,(anonymous_7)
FN:78,(anonymous_8)
FN:87,(anonymous_9)
FN:101,(anonymous_10)
FN:105,(anonymous_11)
FN:124,(anonymous_12)
FN:130,(anonymous_13)
FN:138,(anonymous_14)
FN:147,(anonymous_15)
FN:151,(anonymous_16)
FN:155,(anonymous_17)
FN:160,(anonymous_18)
FN:175,(anonymous_19)
FN:180,(anonymous_20)
FN:191,(anonymous_21)
FNF:22
FNH:22
FNDA:16,(anonymous_0)
FNDA:29,(anonymous_1)
FNDA:16,(anonymous_2)
FNDA:30,(anonymous_3)
FNDA:30,(anonymous_4)
FNDA:29,(anonymous_5)
FNDA:29,(anonymous_6)
FNDA:29,(anonymous_7)
FNDA:29,(anonymous_8)
FNDA:5,(anonymous_9)
FNDA:23,(anonymous_10)
FNDA:69,(anonymous_11)
FNDA:21,(anonymous_12)
FNDA:29,(anonymous_13)
FNDA:29,(anonymous_14)
FNDA:5,(anonymous_15)
FNDA:1,(anonymous_16)
FNDA:4,(anonymous_17)
FNDA:21,(anonymous_18)
FNDA:2,(anonymous_19)
FNDA:2,(anonymous_20)
FNDA:2,(anonymous_21)
DA:19,1
DA:25,16
DA:26,1
DA:29,16
DA:30,16
DA:33,16
DA:34,16
DA:35,16
DA:36,16
DA:40,29
DA:43,29
DA:44,29
DA:45,29
DA:46,29
DA:47,29
DA:51,16
DA:52,16
DA:57,30
DA:59,30
DA:60,4
DA:66,29
DA:68,29
DA:69,12
DA:70,12
DA:77,29
DA:79,29
DA:80,4
DA:81,4
DA:88,5
DA:89,5
DA:90,4
DA:91,16
DA:95,16
DA:98,5
DA:102,23
DA:103,23
DA:104,3
DA:105,3
DA:106,69
DA:107,69
DA:108,69
DA:109,21
DA:110,48
DA:111,45
DA:113,3
DA:116,20
DA:117,17
DA:118,3
DA:119,2
DA:121,23
DA:125,21
DA:131,29
DA:132,26
DA:139,29
DA:140,3
DA:148,5
DA:152,1
DA:156,4
DA:157,4
DA:158,3
DA:159,3
DA:160,3
DA:161,21
DA:163,3
DA:164,1
DA:171,1
DA:176,2
DA:177,2
DA:181,2
DA:182,2
DA:183,1
DA:187,1
DA:192,2
DA:193,2
LF:74
LH:74
BRDA:51,0,0,16
BRDA:51,0,1,0
BRDA:59,1,0,4
BRDA:59,1,1,26
BRDA:68,2,0,12
BRDA:68,2,1,17
BRDA:79,3,0,4
BRDA:79,3,1,25
BRDA:89,4,0,4
BRDA:89,4,1,1
BRDA:89,5,0,5
BRDA:89,5,1,5
BRDA:103,6,0,3
BRDA:103,6,1,20
BRDA:103,7,0,23
BRDA:103,7,1,20
BRDA:108,8,0,21
BRDA:108,8,1,48
BRDA:110,9,0,45
BRDA:110,9,1,3
BRDA:116,10,0,17
BRDA:116,10,1,3
BRDA:118,11,0,2
BRDA:118,11,1,1
BRDA:131,12,0,26
BRDA:131,12,1,3
BRDA:139,13,0,3
BRDA:139,13,1,26
BRDA:157,14,0,3
BRDA:157,14,1,1
BRDA:157,15,0,4
BRDA:157,15,1,3
BRDA:159,16,0,3
BRDA:159,16,1,0
BRDA:159,17,0,3
BRDA:159,17,1,3
BRDA:163,18,0,1
BRDA:163,18,1,2
BRDA:182,19,0,1
BRDA:182,19,1,1
BRF:40
BRH:38
end_of_record
TN:
SF:X:\workspace\apac-ishipplus\src\app\pages\shipping\my-shipments\my-shipments.page.ts
FN:12,(anonymous_0)
FN:14,(anonymous_1)
FN:16,(anonymous_2)
FNF:3
FNH:3
FNDA:2,(anonymous_0)
FNDA:2,(anonymous_1)
FNDA:4,(anonymous_2)
DA:9,1
DA:10,2
DA:17,4
LF:3
LH:3
BRF:0
BRH:0
end_of_record
TN:
SF:X:\workspace\apac-ishipplus\src\app\pages\shipping\my-shipments\components\pending-shipments\pending-shipments.component.ts
FN:21,(anonymous_0)
FN:26,(anonymous_1)
FN:31,(anonymous_2)
FN:37,(anonymous_3)
FN:39,(anonymous_4)
FN:46,(anonymous_5)
FN:48,(anonymous_6)
FN:59,(anonymous_7)
FN:65,(anonymous_8)
FNF:9
FNH:9
FNDA:5,(anonymous_0)
FNDA:6,(anonymous_1)
FNDA:5,(anonymous_2)
FNDA:8,(anonymous_3)
FNDA:8,(anonymous_4)
FNDA:8,(anonymous_5)
FNDA:8,(anonymous_6)
FNDA:2,(anonymous_7)
FNDA:1,(anonymous_8)
DA:17,1
DA:18,5
DA:19,5
DA:22,5
DA:23,5
DA:27,6
DA:28,6
DA:32,5
DA:33,5
DA:38,8
DA:40,8
DA:41,7
DA:47,8
DA:49,8
DA:50,1
DA:52,8
DA:53,2
DA:60,2
DA:61,2
DA:62,2
DA:66,1
DA:73,1
LF:22
LH:22
BRDA:32,0,0,5
BRDA:32,0,1,0
BRDA:40,1,0,7
BRDA:40,1,1,1
BRDA:49,2,0,1
BRDA:49,2,1,7
BRDA:49,3,0,8
BRDA:49,3,1,3
BRDA:52,4,0,2
BRDA:52,4,1,6
BRDA:52,5,0,8
BRDA:52,5,1,3
BRF:12
BRH:11
end_of_record
TN:
SF:X:\workspace\apac-ishipplus\src\app\pages\shipping\my-shipments\components\pending-shipments\components\display-qr-code.component.ts
FN:16,(anonymous_0)
FN:24,(anonymous_1)
FN:28,(anonymous_2)
FN:32,(anonymous_3)
FNF:4
FNH:4
FNDA:3,(anonymous_0)
FNDA:5,(anonymous_1)
FNDA:5,(anonymous_2)
FNDA:1,(anonymous_3)
DA:11,1
DA:12,1
DA:13,3
DA:14,3
DA:17,3
DA:18,3
DA:19,3
DA:20,3
DA:21,3
DA:25,5
DA:29,5
DA:33,1
LF:12
LH:12
BRF:0
BRH:0
end_of_record
TN:
SF:X:\workspace\apac-ishipplus\src\app\pages\shipping\my-shipments\components\recently-shipped\recently-shipped.component.ts
FN:23,(anonymous_0)
FN:32,(anonymous_1)
FN:37,(anonymous_2)
FN:43,(anonymous_3)
FN:45,(anonymous_4)
FN:52,(anonymous_5)
FN:54,(anonymous_6)
FN:65,(anonymous_7)
FN:71,(anonymous_8)
FNF:9
FNH:9
FNDA:5,(anonymous_0)
FNDA:6,(anonymous_1)
FNDA:5,(anonymous_2)
FNDA:8,(anonymous_3)
FNDA:8,(anonymous_4)
FNDA:8,(anonymous_5)
FNDA:8,(anonymous_6)
FNDA:2,(anonymous_7)
FNDA:1,(anonymous_8)
DA:18,1
DA:19,5
DA:20,5
DA:21,5
DA:24,5
DA:25,5
DA:26,5
DA:28,5
DA:29,5
DA:33,6
DA:34,6
DA:38,5
DA:39,5
DA:44,8
DA:46,8
DA:47,7
DA:53,8
DA:55,8
DA:56,1
DA:58,8
DA:59,2
DA:66,2
DA:67,2
DA:68,2
DA:72,1
DA:73,1
DA:74,1
DA:75,1
DA:76,1
LF:29
LH:29
BRDA:38,0,0,5
BRDA:38,0,1,0
BRDA:46,1,0,7
BRDA:46,1,1,1
BRDA:55,2,0,1
BRDA:55,2,1,7
BRDA:55,3,0,8
BRDA:55,3,1,3
BRDA:55,4,0,0
BRDA:55,4,1,3
BRDA:55,5,0,3
BRDA:55,5,1,3
BRDA:58,6,0,2
BRDA:58,6,1,6
BRDA:58,7,0,8
BRDA:58,7,1,3
BRF:16
BRH:14
end_of_record
TN:
SF:X:\workspace\apac-ishipplus\src\app\pages\shipping\rate-and-delivery-option\rate-and-delivery-option.page.ts
FN:73,(anonymous_0)
FN:85,(anonymous_1)
FN:88,(anonymous_2)
FN:93,(anonymous_3)
FN:104,(anonymous_4)
FN:109,(anonymous_5)
FN:116,(anonymous_6)
FN:126,(anonymous_7)
FN:139,(anonymous_8)
FN:152,(anonymous_9)
FN:163,(anonymous_10)
FN:172,(anonymous_11)
FN:174,(anonymous_12)
FN:186,(anonymous_13)
FN:193,(anonymous_14)
FN:195,(anonymous_15)
FN:206,(anonymous_16)
FN:215,toggleItem
FN:230,(anonymous_18)
FN:242,(anonymous_19)
FN:247,(anonymous_20)
FN:260,(anonymous_21)
FN:275,(anonymous_22)
FN:280,(anonymous_23)
FNF:24
FNH:23
FNDA:18,(anonymous_0)
FNDA:19,(anonymous_1)
FNDA:266,(anonymous_2)
FNDA:19,(anonymous_3)
FNDA:19,(anonymous_4)
FNDA:20,(anonymous_5)
FNDA:18,(anonymous_6)
FNDA:1,(anonymous_7)
FNDA:1,(anonymous_8)
FNDA:1,(anonymous_9)
FNDA:1,(anonymous_10)
FNDA:1,(anonymous_11)
FNDA:1,(anonymous_12)
FNDA:20,(anonymous_13)
FNDA:19,(anonymous_14)
FNDA:1,(anonymous_15)
FNDA:19,(anonymous_16)
FNDA:0,toggleItem
FNDA:24,(anonymous_18)
FNDA:24,(anonymous_19)
FNDA:48,(anonymous_20)
FNDA:24,(anonymous_21)
FNDA:1,(anonymous_22)
FNDA:1,(anonymous_23)
DA:31,1
DA:32,18
DA:33,18
DA:34,18
DA:36,18
DA:42,18
DA:43,18
DA:48,18
DA:50,18
DA:51,18
DA:74,18
DA:75,18
DA:76,18
DA:77,18
DA:78,18
DA:79,18
DA:81,18
DA:82,18
DA:86,19
DA:87,19
DA:88,266
DA:89,19
DA:90,19
DA:92,19
DA:94,19
DA:95,19
DA:96,19
DA:97,19
DA:98,19
DA:102,19
DA:104,19
DA:105,19
DA:110,20
DA:111,1
DA:112,1
DA:117,18
DA:118,18
DA:127,1
DA:128,1
DA:129,3
DA:130,2
DA:140,1
DA:141,1
DA:142,1
DA:143,1
DA:144,1
DA:153,1
DA:164,1
DA:173,1
DA:175,1
DA:176,1
DA:179,1
DA:187,20
DA:188,20
DA:189,20
DA:190,20
DA:192,20
DA:194,19
DA:196,1
DA:197,1
DA:207,19
DA:208,19
DA:209,19
DA:211,19
DA:212,51
DA:216,0
DA:217,0
DA:218,0
DA:221,0
DA:222,0
DA:231,24
DA:232,24
DA:233,24
DA:234,24
DA:236,4
DA:238,20
DA:243,24
DA:244,24
DA:245,24
DA:246,24
DA:247,24
DA:248,48
DA:249,36
DA:250,36
DA:252,12
DA:253,12
DA:254,12
DA:257,24
DA:261,24
DA:262,24
DA:264,18
DA:265,18
DA:268,6
DA:269,6
DA:272,24
DA:276,1
DA:277,1
DA:281,1
DA:282,1
DA:283,1
DA:284,1
DA:285,1
DA:286,1
DA:288,1
LF:104
LH:99
BRDA:89,0,0,0
BRDA:89,0,1,19
BRDA:94,1,0,19
BRDA:94,1,1,0
BRDA:96,2,0,19
BRDA:96,2,1,0
BRDA:110,3,0,1
BRDA:110,3,1,19
BRDA:117,4,0,18
BRDA:117,4,1,0
BRDA:129,5,0,2
BRDA:129,5,1,1
BRDA:175,6,0,1
BRDA:175,6,1,0
BRDA:188,7,0,20
BRDA:188,7,1,0
BRDA:191,8,0,20
BRDA:191,8,1,0
BRDA:221,9,0,0
BRDA:221,9,1,0
BRDA:234,10,0,4
BRDA:234,10,1,20
BRDA:234,11,0,24
BRDA:234,11,1,18
BRDA:234,11,2,22
BRDA:234,11,3,6
BRDA:248,12,0,36
BRDA:248,12,1,12
BRDA:248,13,0,48
BRDA:248,13,1,42
BRDA:248,13,2,36
BRDA:248,13,3,36
BRDA:263,14,0,18
BRDA:263,14,1,6
BRDA:282,15,0,1
BRDA:282,15,1,0
BRF:36
BRH:26
end_of_record
TN:
SF:X:\workspace\apac-ishipplus\src\app\pages\shipping\recipient-address-book\recipient-address-book-routing.module.ts
FNF:0
FNH:0
DA:6,1
DA:17,1
LF:2
LH:2
BRF:0
BRH:0
end_of_record
TN:
SF:X:\workspace\apac-ishipplus\src\app\pages\shipping\recipient-address-book\recipient-address-book.module.ts
FNF:0
FNH:0
DA:22,1
LF:1
LH:1
BRF:0
BRH:0
end_of_record
TN:
SF:X:\workspace\apac-ishipplus\src\app\pages\shipping\recipient-address-book\recipient-address-book.page.ts
FN:33,(anonymous_0)
FN:36,(anonymous_1)
FN:42,(anonymous_2)
FN:55,(anonymous_3)
FN:59,(anonymous_4)
FN:67,(anonymous_5)
FN:71,(anonymous_6)
FN:74,(anonymous_7)
FN:84,(anonymous_8)
FN:88,(anonymous_9)
FN:117,(anonymous_10)
FNF:11
FNH:11
FNDA:6,(anonymous_0)
FNDA:7,(anonymous_1)
FNDA:7,(anonymous_2)
FNDA:7,(anonymous_3)
FNDA:7,(anonymous_4)
FNDA:7,(anonymous_5)
FNDA:6,(anonymous_6)
FNDA:4,(anonymous_7)
FNDA:1,(anonymous_8)
FNDA:3,(anonymous_9)
FNDA:6,(anonymous_10)
DA:22,1
DA:28,6
DA:29,6
DA:30,6
DA:31,6
DA:33,6
DA:34,6
DA:37,7
DA:40,7
DA:43,7
DA:44,7
DA:45,7
DA:46,7
DA:57,7
DA:60,7
DA:62,7
DA:68,7
DA:69,7
DA:70,6
DA:71,6
DA:72,6
DA:74,4
DA:80,1
DA:85,1
DA:89,3
DA:90,3
DA:110,3
DA:111,3
DA:112,3
DA:113,3
DA:114,3
DA:118,6
LF:32
LH:32
BRDA:43,0,0,7
BRDA:43,0,1,0
BRDA:45,1,0,7
BRDA:45,1,1,0
BRDA:69,2,0,6
BRDA:69,2,1,1
BRDA:69,3,0,7
BRDA:69,3,1,6
BRDA:72,4,0,6
BRDA:72,4,1,5
BRDA:72,4,2,4
BRDA:72,4,3,3
BRDA:72,4,4,2
BRDA:72,4,5,1
BRDA:72,5,0,0
BRDA:72,5,1,6
BRDA:72,6,0,6
BRDA:72,6,1,6
BRDA:72,7,0,0
BRDA:72,7,1,6
BRDA:72,8,0,6
BRDA:72,8,1,6
BRDA:72,9,0,0
BRDA:72,9,1,6
BRDA:72,10,0,6
BRDA:72,10,1,6
BRDA:73,11,0,0
BRDA:73,11,1,5
BRDA:73,12,0,5
BRDA:73,12,1,5
BRDA:73,13,0,0
BRDA:73,13,1,5
BRDA:73,14,0,5
BRDA:73,14,1,5
BRDA:73,15,0,0
BRDA:73,15,1,5
BRDA:73,16,0,5
BRDA:73,16,1,5
BRDA:74,17,0,0
BRDA:74,17,1,4
BRDA:74,18,0,4
BRDA:74,18,1,4
BRDA:74,19,0,0
BRDA:74,19,1,4
BRDA:74,20,0,4
BRDA:74,20,1,4
BRDA:74,21,0,0
BRDA:74,21,1,4
BRDA:74,22,0,4
BRDA:74,22,1,4
BRDA:74,23,0,0
BRDA:74,23,1,4
BRDA:74,24,0,4
BRDA:74,24,1,4
BRDA:75,25,0,0
BRDA:75,25,1,3
BRDA:75,26,0,3
BRDA:75,26,1,3
BRDA:75,27,0,0
BRDA:75,27,1,3
BRDA:75,28,0,3
BRDA:75,28,1,3
BRDA:75,29,0,0
BRDA:75,29,1,3
BRDA:75,30,0,3
BRDA:75,30,1,3
BRDA:76,31,0,0
BRDA:76,31,1,2
BRDA:76,32,0,2
BRDA:76,32,1,2
BRDA:76,33,0,0
BRDA:76,33,1,2
BRDA:76,34,0,2
BRDA:76,34,1,2
BRDA:76,35,0,0
BRDA:76,35,1,2
BRDA:76,36,0,2
BRDA:76,36,1,2
BRDA:77,37,0,0
BRDA:77,37,1,1
BRDA:77,38,0,1
BRDA:77,38,1,1
BRDA:77,39,0,0
BRDA:77,39,1,1
BRDA:77,40,0,1
BRDA:77,40,1,1
BRDA:77,41,0,0
BRDA:77,41,1,1
BRDA:77,42,0,1
BRDA:77,42,1,1
BRDA:94,43,0,2
BRDA:94,43,1,1
BRDA:96,44,0,2
BRDA:96,44,1,1
BRDA:96,45,0,3
BRDA:96,45,1,2
BRDA:99,46,0,3
BRDA:99,46,1,0
BRDA:99,47,0,3
BRDA:99,47,1,3
BRDA:110,48,0,2
BRDA:110,48,1,1
BRDA:110,49,0,3
BRDA:110,49,1,2
BRDA:111,50,0,2
BRDA:111,50,1,1
BRDA:111,51,0,3
BRDA:111,51,1,2
BRF:108
BRH:86
end_of_record
TN:
SF:X:\workspace\apac-ishipplus\src\app\pages\shipping\step1-shipment-details\step1-shipment-details.page.ts
FN:51,(anonymous_0)
FN:60,(anonymous_1)
FN:65,(anonymous_2)
FN:78,(anonymous_3)
FN:81,(anonymous_4)
FN:89,(anonymous_5)
FN:100,(anonymous_6)
FN:107,(anonymous_7)
FN:111,(anonymous_8)
FN:126,(anonymous_9)
FN:130,(anonymous_10)
FN:146,(anonymous_11)
FN:152,(anonymous_12)
FN:179,(anonymous_13)
FN:182,(anonymous_14)
FN:207,(anonymous_15)
FN:217,(anonymous_16)
FN:235,(anonymous_17)
FN:262,(anonymous_18)
FN:284,(anonymous_19)
FN:296,(anonymous_20)
FN:298,(anonymous_21)
FN:308,(anonymous_22)
FNF:23
FNH:23
FNDA:24,(anonymous_0)
FNDA:24,(anonymous_1)
FNDA:33,(anonymous_2)
FNDA:33,(anonymous_3)
FNDA:33,(anonymous_4)
FNDA:6,(anonymous_5)
FNDA:33,(anonymous_6)
FNDA:35,(anonymous_7)
FNDA:2,(anonymous_8)
FNDA:11,(anonymous_9)
FNDA:2,(anonymous_10)
FNDA:3,(anonymous_11)
FNDA:2,(anonymous_12)
FNDA:2,(anonymous_13)
FNDA:2,(anonymous_14)
FNDA:4,(anonymous_15)
FNDA:2,(anonymous_16)
FNDA:1,(anonymous_17)
FNDA:1,(anonymous_18)
FNDA:1,(anonymous_19)
FNDA:3,(anonymous_20)
FNDA:3,(anonymous_21)
FNDA:7,(anonymous_22)
DA:30,1
DA:31,1
DA:32,1
DA:33,1
DA:36,24
DA:37,24
DA:39,24
DA:41,24
DA:42,24
DA:49,24
DA:52,24
DA:53,24
DA:54,24
DA:55,24
DA:56,24
DA:61,24
DA:62,24
DA:66,33
DA:67,33
DA:68,33
DA:71,33
DA:72,33
DA:73,33
DA:75,33
DA:79,33
DA:82,33
DA:83,33
DA:88,33
DA:90,6
DA:91,6
DA:92,6
DA:93,5
DA:94,1
DA:100,33
DA:101,33
DA:102,9
DA:108,35
DA:112,2
DA:113,1
DA:114,1
DA:115,1
DA:116,1
DA:117,1
DA:118,1
DA:119,1
DA:121,1
DA:127,11
DA:131,2
DA:133,1
DA:134,1
DA:135,1
DA:136,1
DA:137,1
DA:138,1
DA:139,1
DA:141,1
DA:147,3
DA:148,1
DA:153,2
DA:154,2
DA:155,2
DA:158,2
DA:159,2
DA:160,2
DA:161,0
DA:162,0
DA:166,2
DA:168,1
DA:169,1
DA:170,1
DA:171,1
DA:173,1
DA:175,1
DA:180,2
DA:181,2
DA:183,2
DA:184,2
DA:187,2
DA:203,2
DA:204,2
DA:208,4
DA:209,4
DA:210,4
DA:211,3
DA:212,3
DA:218,2
DA:219,2
DA:220,2
DA:236,1
DA:237,1
DA:259,1
DA:263,1
DA:264,1
DA:265,1
DA:267,1
DA:268,1
DA:279,1
DA:281,1
DA:285,1
DA:288,1
DA:289,1
DA:290,1
DA:291,1
DA:292,0
DA:297,3
DA:298,3
DA:299,3
DA:300,3
DA:301,3
DA:303,3
DA:304,3
DA:309,7
DA:310,1
DA:311,1
DA:314,3
DA:315,1
DA:316,1
DA:319,3
DA:320,1
DA:321,1
LF:120
LH:117
BRDA:66,0,0,33
BRDA:66,0,1,0
BRDA:71,1,0,33
BRDA:71,1,1,0
BRDA:82,2,0,33
BRDA:82,2,1,0
BRDA:90,3,0,6
BRDA:90,3,1,0
BRDA:92,4,0,5
BRDA:92,4,1,1
BRDA:112,5,0,1
BRDA:112,5,1,1
BRDA:112,6,0,2
BRDA:112,6,1,2
BRDA:112,6,2,1
BRDA:113,7,0,1
BRDA:113,7,1,0
BRDA:114,8,0,0
BRDA:114,8,1,1
BRDA:115,9,0,1
BRDA:115,9,1,0
BRDA:116,10,0,0
BRDA:116,10,1,1
BRDA:131,11,0,1
BRDA:131,11,1,1
BRDA:131,12,0,2
BRDA:131,12,1,2
BRDA:131,12,2,1
BRDA:131,12,3,1
BRDA:133,13,0,1
BRDA:133,13,1,0
BRDA:134,14,0,0
BRDA:134,14,1,1
BRDA:135,15,0,1
BRDA:135,15,1,0
BRDA:136,16,0,1
BRDA:136,16,1,0
BRDA:147,17,0,1
BRDA:147,17,1,2
BRDA:147,18,0,3
BRDA:147,18,1,2
BRDA:160,19,0,0
BRDA:160,19,1,2
BRDA:160,20,0,2
BRDA:160,20,1,2
BRDA:166,21,0,1
BRDA:166,21,1,1
BRDA:166,22,0,2
BRDA:166,22,1,1
BRDA:166,22,2,1
BRDA:166,22,3,1
BRDA:166,22,4,1
BRDA:183,23,0,2
BRDA:183,23,1,0
BRDA:192,24,0,0
BRDA:192,24,1,2
BRDA:193,25,0,2
BRDA:193,25,1,0
BRDA:194,26,0,2
BRDA:194,26,1,0
BRDA:195,27,0,2
BRDA:195,27,1,0
BRDA:197,28,0,2
BRDA:197,28,1,0
BRDA:198,29,0,2
BRDA:198,29,1,0
BRDA:199,30,0,2
BRDA:199,30,1,0
BRDA:200,31,0,2
BRDA:200,31,1,0
BRDA:201,32,0,2
BRDA:201,32,1,0
BRDA:203,33,0,2
BRDA:203,33,1,0
BRDA:208,34,0,4
BRDA:208,34,1,0
BRDA:210,35,0,3
BRDA:210,35,1,1
BRDA:210,36,0,4
BRDA:210,36,1,2
BRDA:291,37,0,0
BRDA:291,37,1,1
BRDA:309,38,0,1
BRDA:309,38,1,2
BRDA:314,39,0,1
BRDA:314,39,1,2
BRDA:319,40,0,1
BRDA:319,40,1,2
BRF:88
BRH:62
end_of_record
TN:
SF:X:\workspace\apac-ishipplus\src\app\pages\shipping\step1-shipment-details\components\packaging-type-options\packaging-type-options.component.ts
FN:66,(anonymous_0)
FN:75,(anonymous_1)
FN:82,(anonymous_2)
FN:90,(anonymous_3)
FN:112,(anonymous_4)
FN:113,(anonymous_5)
FN:119,(anonymous_6)
FN:126,(anonymous_7)
FN:133,(anonymous_8)
FN:155,(anonymous_9)
FN:169,(anonymous_11)
FN:185,(anonymous_12)
FN:201,(anonymous_13)
FN:216,(anonymous_14)
FN:286,(anonymous_15)
FN:312,(anonymous_16)
FN:333,(anonymous_17)
FN:358,(anonymous_18)
FN:380,(anonymous_19)
FN:401,(anonymous_20)
FN:424,(anonymous_21)
FN:446,(anonymous_22)
FN:455,(anonymous_23)
FN:483,(anonymous_24)
FN:504,(anonymous_25)
FN:514,(anonymous_26)
FN:515,(anonymous_27)
FN:545,(anonymous_28)
FN:575,(anonymous_29)
FN:616,(anonymous_30)
FN:618,(anonymous_31)
FN:628,(anonymous_32)
FN:629,(anonymous_33)
FN:638,(anonymous_34)
FN:640,(anonymous_35)
FN:667,(anonymous_36)
FN:676,(anonymous_37)
FN:692,(anonymous_38)
FN:704,(anonymous_39)
FN:714,(anonymous_40)
FN:718,(anonymous_41)
FN:722,(anonymous_42)
FN:723,(anonymous_43)
FN:726,(anonymous_44)
FN:740,(anonymous_45)
FNF:45
FNH:42
FNDA:54,(anonymous_0)
FNDA:0,(anonymous_1)
FNDA:854,(anonymous_2)
FNDA:54,(anonymous_3)
FNDA:54,(anonymous_4)
FNDA:55,(anonymous_5)
FNDA:1580,(anonymous_6)
FNDA:702,(anonymous_7)
FNDA:16,(anonymous_8)
FNDA:1,(anonymous_9)
FNDA:0,(anonymous_11)
FNDA:1,(anonymous_12)
FNDA:7,(anonymous_13)
FNDA:80,(anonymous_14)
FNDA:71,(anonymous_15)
FNDA:9,(anonymous_16)
FNDA:80,(anonymous_17)
FNDA:2,(anonymous_18)
FNDA:2,(anonymous_19)
FNDA:2,(anonymous_20)
FNDA:2,(anonymous_21)
FNDA:225,(anonymous_22)
FNDA:203,(anonymous_23)
FNDA:15,(anonymous_24)
FNDA:221,(anonymous_25)
FNDA:54,(anonymous_26)
FNDA:221,(anonymous_27)
FNDA:15,(anonymous_28)
FNDA:69,(anonymous_29)
FNDA:1,(anonymous_30)
FNDA:1,(anonymous_31)
FNDA:1,(anonymous_32)
FNDA:5,(anonymous_33)
FNDA:12,(anonymous_34)
FNDA:15,(anonymous_35)
FNDA:18,(anonymous_36)
FNDA:3,(anonymous_37)
FNDA:2,(anonymous_38)
FNDA:1,(anonymous_39)
FNDA:1,(anonymous_40)
FNDA:1,(anonymous_41)
FNDA:3,(anonymous_42)
FNDA:3,(anonymous_43)
FNDA:3,(anonymous_44)
FNDA:0,(anonymous_45)
DA:26,1
DA:27,1
DA:29,54
DA:30,54
DA:31,54
DA:32,54
DA:33,54
DA:34,54
DA:35,54
DA:36,54
DA:37,54
DA:38,54
DA:39,54
DA:40,54
DA:41,54
DA:42,54
DA:43,54
DA:44,54
DA:46,54
DA:47,54
DA:49,54
DA:50,54
DA:51,54
DA:53,54
DA:54,54
DA:55,54
DA:61,54
DA:62,54
DA:63,54
DA:64,54
DA:67,54
DA:68,54
DA:69,54
DA:70,54
DA:71,54
DA:72,54
DA:76,0
DA:77,0
DA:79,0
DA:83,854
DA:91,54
DA:102,54
DA:103,54
DA:104,54
DA:105,54
DA:113,55
DA:120,1580
DA:127,702
DA:134,16
DA:135,16
DA:137,16
DA:138,16
DA:139,1
DA:141,15
DA:142,15
DA:143,15
DA:144,15
DA:145,15
DA:156,1
DA:157,1
DA:170,0
DA:177,1
DA:186,1
DA:187,1
DA:188,1
DA:189,1
DA:191,1
DA:202,7
DA:203,7
DA:204,7
DA:205,7
DA:206,7
DA:217,80
DA:220,59
DA:221,59
DA:222,59
DA:224,59
DA:227,3
DA:228,3
DA:229,3
DA:230,3
DA:232,3
DA:235,3
DA:236,3
DA:237,3
DA:238,3
DA:240,3
DA:243,4
DA:244,4
DA:245,4
DA:247,4
DA:250,3
DA:251,3
DA:252,3
DA:253,3
DA:255,3
DA:258,4
DA:259,4
DA:260,4
DA:262,4
DA:265,4
DA:266,4
DA:267,4
DA:269,4
DA:287,71
DA:289,71
DA:290,71
DA:291,71
DA:293,71
DA:294,71
DA:295,71
DA:296,71
DA:297,71
DA:313,9
DA:314,9
DA:316,9
DA:317,9
DA:318,9
DA:320,9
DA:321,9
DA:322,9
DA:323,9
DA:334,80
DA:335,80
DA:337,80
DA:338,21
DA:339,21
DA:340,21
DA:341,21
DA:342,21
DA:344,59
DA:345,59
DA:346,59
DA:347,59
DA:348,59
DA:359,2
DA:360,2
DA:361,2
DA:362,2
DA:363,2
DA:364,2
DA:365,1
DA:366,1
DA:367,1
DA:370,1
DA:371,1
DA:381,2
DA:382,2
DA:383,2
DA:384,2
DA:385,2
DA:386,2
DA:387,1
DA:388,1
DA:389,1
DA:392,1
DA:393,1
DA:402,2
DA:403,2
DA:405,2
DA:406,1
DA:407,2
DA:408,2
DA:411,1
DA:412,2
DA:413,2
DA:416,2
DA:417,2
DA:425,2
DA:427,2
DA:429,2
DA:430,1
DA:431,1
DA:432,1
DA:435,1
DA:436,1
DA:437,1
DA:448,225
DA:449,225
DA:450,209
DA:451,209
DA:452,209
DA:455,225
DA:456,225
DA:457,210
DA:460,225
DA:461,211
DA:462,211
DA:465,225
DA:466,1
DA:467,224
DA:468,1
DA:484,15
DA:485,15
DA:486,15
DA:487,17
DA:489,15
DA:505,221
DA:506,221
DA:515,54
DA:516,221
DA:517,221
DA:518,221
DA:519,221
DA:520,221
DA:521,259
DA:522,199
DA:524,259
DA:525,259
DA:526,259
DA:527,21
DA:529,259
DA:531,221
DA:532,221
DA:533,221
DA:546,15
DA:547,15
DA:548,15
DA:550,15
DA:560,15
DA:561,11
DA:562,11
DA:565,15
DA:576,69
DA:577,15
DA:578,15
DA:580,8
DA:583,1
DA:586,1
DA:589,1
DA:592,1
DA:595,1
DA:598,1
DA:601,1
DA:604,54
DA:617,1
DA:619,1
DA:620,1
DA:621,1
DA:622,1
DA:629,1
DA:630,5
DA:631,1
DA:632,1
DA:635,1
DA:639,12
DA:640,15
DA:642,3
DA:643,2
DA:644,2
DA:645,2
DA:648,1
DA:649,1
DA:650,1
DA:653,3
DA:654,3
DA:655,3
DA:656,3
DA:658,3
DA:660,9
DA:661,9
DA:662,9
DA:663,9
DA:668,18
DA:669,3
DA:670,3
DA:671,3
DA:672,3
DA:673,3
DA:674,3
DA:676,3
DA:677,3
DA:678,3
DA:679,3
DA:685,3
DA:686,3
DA:693,2
DA:694,2
DA:695,2
DA:696,2
DA:697,1
DA:700,1
DA:705,1
DA:706,1
DA:707,1
DA:708,1
DA:709,1
DA:715,1
DA:719,1
DA:723,3
DA:724,3
DA:726,3
DA:727,3
DA:728,1
DA:729,1
DA:730,2
DA:731,1
DA:732,1
DA:734,1
DA:735,1
DA:741,0
LF:301
LH:296
BRDA:76,0,0,0
BRDA:76,0,1,0
BRDA:76,1,0,0
BRDA:76,1,1,0
BRDA:76,1,2,0
BRDA:138,2,0,1
BRDA:138,2,1,15
BRDA:156,3,0,0
BRDA:156,3,1,1
BRDA:160,4,0,0
BRDA:160,4,1,1
BRDA:165,5,0,0
BRDA:165,5,1,1
BRDA:172,6,0,0
BRDA:172,6,1,1
BRDA:187,7,0,1
BRDA:187,7,1,0
BRDA:219,8,0,59
BRDA:219,8,1,3
BRDA:219,8,2,3
BRDA:219,8,3,4
BRDA:219,8,4,3
BRDA:219,8,5,4
BRDA:219,8,6,4
BRDA:337,9,0,21
BRDA:337,9,1,59
BRDA:364,10,0,1
BRDA:364,10,1,1
BRDA:364,11,0,2
BRDA:364,11,1,1
BRDA:366,12,0,1
BRDA:366,12,1,0
BRDA:386,13,0,1
BRDA:386,13,1,1
BRDA:386,14,0,2
BRDA:386,14,1,1
BRDA:388,15,0,1
BRDA:388,15,1,0
BRDA:405,16,0,1
BRDA:405,16,1,1
BRDA:429,17,0,1
BRDA:429,17,1,1
BRDA:449,18,0,209
BRDA:449,18,1,16
BRDA:456,19,0,210
BRDA:456,19,1,15
BRDA:460,20,0,211
BRDA:460,20,1,14
BRDA:465,21,0,1
BRDA:465,21,1,224
BRDA:465,22,0,225
BRDA:465,22,1,10
BRDA:465,22,2,9
BRDA:465,22,3,9
BRDA:467,23,0,1
BRDA:467,23,1,223
BRDA:467,24,0,224
BRDA:467,24,1,96
BRDA:467,24,2,95
BRDA:467,24,3,95
BRDA:521,25,0,199
BRDA:521,25,1,60
BRDA:521,26,0,259
BRDA:521,26,1,259
BRDA:526,27,0,21
BRDA:526,27,1,238
BRDA:560,28,0,11
BRDA:560,28,1,4
BRDA:576,29,0,15
BRDA:576,29,1,54
BRDA:579,30,0,8
BRDA:579,30,1,1
BRDA:579,30,2,1
BRDA:579,30,3,1
BRDA:579,30,4,1
BRDA:579,30,5,1
BRDA:579,30,6,1
BRDA:579,30,7,1
BRDA:619,31,0,1
BRDA:619,31,1,0
BRDA:630,32,0,1
BRDA:630,32,1,4
BRDA:639,33,0,3
BRDA:639,33,1,9
BRDA:642,34,0,2
BRDA:642,34,1,1
BRDA:656,35,0,2
BRDA:656,35,1,1
BRDA:668,36,0,3
BRDA:668,36,1,15
BRDA:681,37,0,2
BRDA:681,37,1,1
BRDA:696,38,0,1
BRDA:696,38,1,1
BRDA:708,39,0,1
BRDA:708,39,1,0
BRDA:727,40,0,1
BRDA:727,40,1,2
BRDA:730,41,0,1
BRDA:730,41,1,1
BRF:100
BRH:86
end_of_record
TN:
SF:X:\workspace\apac-ishipplus\src\app\pages\shipping\step1-shipment-details\components\shipment-destination\shipment-destination.component.ts
FN:64,(anonymous_0)
FN:70,(anonymous_1)
FN:90,(anonymous_2)
FN:94,(anonymous_3)
FN:98,(anonymous_4)
FN:103,(anonymous_5)
FN:113,(anonymous_6)
FN:124,(anonymous_7)
FN:136,(anonymous_8)
FN:144,(anonymous_9)
FN:146,(anonymous_10)
FN:154,(anonymous_11)
FN:156,(anonymous_12)
FN:163,(anonymous_13)
FN:170,(anonymous_14)
FN:172,(anonymous_15)
FN:181,(anonymous_16)
FN:186,(anonymous_17)
FN:191,(anonymous_18)
FN:202,(anonymous_19)
FN:210,(anonymous_20)
FN:216,(anonymous_21)
FN:234,(anonymous_22)
FN:236,(anonymous_23)
FN:241,(anonymous_24)
FN:242,(anonymous_25)
FN:250,(anonymous_26)
FN:268,(anonymous_27)
FN:272,(anonymous_28)
FN:279,(anonymous_29)
FN:296,(anonymous_30)
FN:297,(anonymous_31)
FN:301,(anonymous_32)
FN:304,(anonymous_33)
FN:328,(anonymous_34)
FN:335,(anonymous_35)
FN:342,(anonymous_36)
FN:343,(anonymous_37)
FN:347,(anonymous_38)
FN:350,(anonymous_39)
FN:364,(anonymous_40)
FN:377,(anonymous_41)
FN:394,(anonymous_42)
FN:398,(anonymous_43)
FN:402,(anonymous_44)
FN:405,(anonymous_45)
FN:415,(anonymous_46)
FN:417,(anonymous_47)
FN:431,(anonymous_48)
FN:435,(anonymous_49)
FN:441,(anonymous_50)
FN:454,(anonymous_51)
FNF:52
FNH:51
FNDA:72,(anonymous_0)
FNDA:98,(anonymous_1)
FNDA:3,(anonymous_2)
FNDA:6904,(anonymous_3)
FNDA:99,(anonymous_4)
FNDA:99,(anonymous_5)
FNDA:99,(anonymous_6)
FNDA:99,(anonymous_7)
FNDA:99,(anonymous_8)
FNDA:98,(anonymous_9)
FNDA:98,(anonymous_10)
FNDA:150,(anonymous_11)
FNDA:206,(anonymous_12)
FNDA:75,(anonymous_13)
FNDA:98,(anonymous_14)
FNDA:98,(anonymous_15)
FNDA:78,(anonymous_16)
FNDA:4,(anonymous_17)
FNDA:4,(anonymous_18)
FNDA:2,(anonymous_19)
FNDA:2,(anonymous_20)
FNDA:79,(anonymous_21)
FNDA:4,(anonymous_22)
FNDA:186,(anonymous_23)
FNDA:2,(anonymous_24)
FNDA:2,(anonymous_25)
FNDA:4,(anonymous_26)
FNDA:1,(anonymous_27)
FNDA:6,(anonymous_28)
FNDA:9,(anonymous_29)
FNDA:6,(anonymous_30)
FNDA:6,(anonymous_31)
FNDA:12,(anonymous_32)
FNDA:5,(anonymous_33)
FNDA:1,(anonymous_34)
FNDA:1,(anonymous_35)
FNDA:4,(anonymous_36)
FNDA:4,(anonymous_37)
FNDA:7,(anonymous_38)
FNDA:5,(anonymous_39)
FNDA:5,(anonymous_40)
FNDA:4,(anonymous_41)
FNDA:1,(anonymous_42)
FNDA:1,(anonymous_43)
FNDA:75,(anonymous_44)
FNDA:75,(anonymous_45)
FNDA:2,(anonymous_46)
FNDA:5,(anonymous_47)
FNDA:72,(anonymous_48)
FNDA:115,(anonymous_49)
FNDA:1,(anonymous_50)
FNDA:0,(anonymous_51)
DA:26,1
DA:27,1
DA:28,72
DA:29,72
DA:30,72
DA:31,72
DA:41,72
DA:42,72
DA:43,72
DA:44,72
DA:45,72
DA:46,72
DA:47,72
DA:48,72
DA:49,72
DA:50,72
DA:51,72
DA:52,72
DA:53,72
DA:54,72
DA:55,72
DA:56,72
DA:57,72
DA:58,72
DA:61,72
DA:62,72
DA:65,72
DA:66,72
DA:67,72
DA:71,98
DA:72,98
DA:80,98
DA:81,98
DA:82,98
DA:85,98
DA:86,98
DA:87,98
DA:91,3
DA:95,6904
DA:99,99
DA:102,99
DA:104,99
DA:105,75
DA:106,75
DA:112,99
DA:114,99
DA:115,75
DA:116,75
DA:117,75
DA:123,99
DA:125,99
DA:126,75
DA:127,75
DA:128,75
DA:129,75
DA:135,99
DA:137,99
DA:138,75
DA:145,98
DA:147,98
DA:148,1
DA:155,150
DA:156,150
DA:157,206
DA:159,150
DA:164,75
DA:165,75
DA:166,1
DA:171,98
DA:173,98
DA:174,98
DA:182,78
DA:183,5
DA:184,5
DA:185,5
DA:186,4
DA:187,4
DA:188,1
DA:189,1
DA:190,3
DA:191,4
DA:192,2
DA:193,1
DA:194,1
DA:199,73
DA:203,2
DA:204,2
DA:205,2
DA:206,2
DA:207,2
DA:211,2
DA:212,2
DA:217,79
DA:218,79
DA:219,5
DA:220,5
DA:221,5
DA:223,5
DA:224,5
DA:226,74
DA:227,74
DA:228,74
DA:229,74
DA:230,74
DA:235,4
DA:236,186
DA:238,4
DA:242,2
DA:243,2
DA:244,2
DA:246,0
DA:251,4
DA:252,4
DA:253,4
DA:255,1
DA:256,1
DA:257,1
DA:258,3
DA:260,1
DA:261,1
DA:263,2
DA:264,2
DA:269,1
DA:273,6
DA:274,6
DA:275,5
DA:276,5
DA:277,4
DA:278,4
DA:279,4
DA:280,9
DA:282,4
DA:283,2
DA:285,2
DA:288,1
DA:291,1
DA:293,6
DA:297,6
DA:298,6
DA:299,6
DA:300,6
DA:301,6
DA:302,12
DA:303,6
DA:304,3
DA:305,5
DA:306,3
DA:307,1
DA:308,1
DA:310,2
DA:311,2
DA:312,2
DA:313,2
DA:314,2
DA:317,3
DA:318,3
DA:319,2
DA:320,2
DA:323,6
DA:324,6
DA:329,1
DA:330,1
DA:331,1
DA:332,1
DA:336,1
DA:337,1
DA:338,1
DA:339,1
DA:343,4
DA:344,4
DA:345,4
DA:346,4
DA:347,4
DA:348,7
DA:349,4
DA:350,3
DA:351,5
DA:352,3
DA:353,1
DA:355,2
DA:358,4
DA:359,1
DA:365,5
DA:366,5
DA:367,5
DA:368,5
DA:369,1
DA:372,4
DA:373,3
DA:374,3
DA:375,2
DA:376,2
DA:377,2
DA:378,4
DA:379,2
DA:380,1
DA:382,1
DA:385,1
DA:386,1
DA:389,1
DA:395,1
DA:399,1
DA:403,75
DA:406,75
DA:407,75
DA:408,1
DA:409,1
DA:416,2
DA:417,5
DA:421,2
DA:422,2
DA:423,2
DA:424,2
DA:425,2
DA:426,2
DA:427,2
DA:428,2
DA:432,72
DA:437,115
DA:438,2
DA:439,1
DA:440,1
DA:441,1
DA:442,1
DA:445,1
DA:447,2
DA:448,2
DA:449,2
DA:450,2
DA:453,115
DA:454,0
DA:455,0
DA:457,0
LF:233
LH:229
BRDA:80,0,0,98
BRDA:80,0,1,0
BRDA:104,1,0,75
BRDA:104,1,1,24
BRDA:114,2,0,75
BRDA:114,2,1,24
BRDA:125,3,0,75
BRDA:125,3,1,24
BRDA:137,4,0,75
BRDA:137,4,1,24
BRDA:147,5,0,1
BRDA:147,5,1,97
BRDA:147,6,0,98
BRDA:147,6,1,2
BRDA:155,7,0,150
BRDA:155,7,1,0
BRDA:155,8,0,150
BRDA:155,8,1,150
BRDA:165,9,0,1
BRDA:165,9,1,74
BRDA:173,10,0,98
BRDA:173,10,1,0
BRDA:182,11,0,5
BRDA:182,11,1,73
BRDA:185,12,0,3
BRDA:185,12,1,1
BRDA:187,13,0,1
BRDA:187,13,1,3
BRDA:190,14,0,2
BRDA:190,14,1,1
BRDA:192,15,0,1
BRDA:192,15,1,1
BRDA:211,16,0,2
BRDA:211,16,1,0
BRDA:218,17,0,5
BRDA:218,17,1,74
BRDA:243,18,0,2
BRDA:243,18,1,0
BRDA:253,19,0,1
BRDA:253,19,1,3
BRDA:253,20,0,4
BRDA:253,20,1,2
BRDA:253,20,2,2
BRDA:253,20,3,2
BRDA:258,21,0,1
BRDA:258,21,1,2
BRDA:258,22,0,3
BRDA:258,22,1,1
BRDA:258,22,2,1
BRDA:258,22,3,1
BRDA:263,23,0,2
BRDA:263,23,1,0
BRDA:274,24,0,5
BRDA:274,24,1,1
BRDA:276,25,0,4
BRDA:276,25,1,1
BRDA:282,26,0,2
BRDA:282,26,1,2
BRDA:299,27,0,5
BRDA:299,27,1,1
BRDA:303,28,0,3
BRDA:303,28,1,3
BRDA:303,29,0,6
BRDA:303,29,1,3
BRDA:306,30,0,1
BRDA:306,30,1,2
BRDA:317,31,0,3
BRDA:317,31,1,0
BRDA:318,32,0,2
BRDA:318,32,1,1
BRDA:323,33,0,6
BRDA:323,33,1,1
BRDA:345,34,0,3
BRDA:345,34,1,1
BRDA:349,35,0,3
BRDA:349,35,1,1
BRDA:349,36,0,4
BRDA:349,36,1,1
BRDA:352,37,0,1
BRDA:352,37,1,2
BRDA:358,38,0,1
BRDA:358,38,1,3
BRDA:368,39,0,1
BRDA:368,39,1,4
BRDA:372,40,0,3
BRDA:372,40,1,1
BRDA:374,41,0,2
BRDA:374,41,1,1
BRDA:379,42,0,1
BRDA:379,42,1,1
BRDA:406,43,0,73
BRDA:406,43,1,2
BRDA:407,44,0,1
BRDA:407,44,1,74
BRDA:407,45,0,75
BRDA:407,45,1,1
BRDA:425,46,0,1
BRDA:425,46,1,1
BRDA:427,47,0,1
BRDA:427,47,1,1
BRDA:437,48,0,2
BRDA:437,48,1,113
BRDA:437,49,0,115
BRDA:437,49,1,88
BRDA:438,50,0,1
BRDA:438,50,1,1
BRDA:453,51,0,0
BRDA:453,51,1,115
BRDA:453,52,0,115
BRDA:453,52,1,2
BRF:110
BRH:102
end_of_record
TN:
SF:X:\workspace\apac-ishipplus\src\app\pages\shipping\step1-shipment-details\components\shipment-origin\shipment-origin.component.ts
FN:54,(anonymous_0)
FN:59,(anonymous_1)
FN:75,(anonymous_2)
FN:79,(anonymous_3)
FN:83,(anonymous_4)
FN:88,(anonymous_5)
FN:91,(anonymous_6)
FN:92,(anonymous_7)
FN:108,(anonymous_8)
FN:123,(anonymous_9)
FN:132,(anonymous_10)
FN:148,(anonymous_11)
FN:173,(anonymous_12)
FN:177,(anonymous_13)
FN:182,(anonymous_14)
FN:190,(anonymous_15)
FN:207,(anonymous_16)
FN:213,(anonymous_17)
FN:215,(anonymous_18)
FN:222,(anonymous_19)
FN:232,(anonymous_20)
FN:238,(anonymous_21)
FN:239,(anonymous_22)
FN:244,(anonymous_23)
FN:248,(anonymous_24)
FN:255,(anonymous_25)
FN:256,(anonymous_26)
FN:260,(anonymous_27)
FN:263,(anonymous_28)
FN:277,(anonymous_29)
FN:290,(anonymous_30)
FN:307,(anonymous_31)
FN:311,(anonymous_32)
FN:315,(anonymous_33)
FN:320,(anonymous_34)
FN:333,(anonymous_35)
FNF:36
FNH:36
FNDA:56,(anonymous_0)
FNDA:75,(anonymous_1)
FNDA:2,(anonymous_2)
FNDA:4091,(anonymous_3)
FNDA:77,(anonymous_4)
FNDA:77,(anonymous_5)
FNDA:1,(anonymous_6)
FNDA:1,(anonymous_7)
FNDA:77,(anonymous_8)
FNDA:77,(anonymous_9)
FNDA:77,(anonymous_10)
FNDA:5,(anonymous_11)
FNDA:6,(anonymous_12)
FNDA:6,(anonymous_13)
FNDA:4,(anonymous_14)
FNDA:7,(anonymous_15)
FNDA:2,(anonymous_16)
FNDA:5,(anonymous_17)
FNDA:5,(anonymous_18)
FNDA:2,(anonymous_19)
FNDA:3,(anonymous_20)
FNDA:3,(anonymous_21)
FNDA:49,(anonymous_22)
FNDA:1,(anonymous_23)
FNDA:1,(anonymous_24)
FNDA:4,(anonymous_25)
FNDA:4,(anonymous_26)
FNDA:7,(anonymous_27)
FNDA:5,(anonymous_28)
FNDA:5,(anonymous_29)
FNDA:4,(anonymous_30)
FNDA:1,(anonymous_31)
FNDA:56,(anonymous_32)
FNDA:86,(anonymous_33)
FNDA:2,(anonymous_34)
FNDA:1,(anonymous_35)
DA:28,1
DA:29,1
DA:30,56
DA:31,56
DA:32,56
DA:35,56
DA:40,56
DA:41,56
DA:42,56
DA:43,56
DA:44,56
DA:45,56
DA:46,56
DA:47,56
DA:51,56
DA:52,56
DA:55,56
DA:56,56
DA:60,75
DA:67,75
DA:68,75
DA:69,75
DA:71,75
DA:72,75
DA:76,2
DA:80,4091
DA:84,77
DA:87,77
DA:89,77
DA:90,77
DA:91,1
DA:92,1
DA:93,1
DA:94,1
DA:96,1
DA:97,1
DA:98,1
DA:99,1
DA:100,1
DA:107,77
DA:109,77
DA:110,5
DA:111,5
DA:112,5
DA:113,5
DA:114,5
DA:115,5
DA:116,5
DA:122,77
DA:124,77
DA:125,1
DA:131,77
DA:133,77
DA:134,5
DA:135,5
DA:136,5
DA:137,5
DA:138,5
DA:145,77
DA:149,5
DA:174,6
DA:175,6
DA:176,6
DA:177,6
DA:178,6
DA:179,2
DA:181,4
DA:182,4
DA:183,2
DA:184,2
DA:191,7
DA:192,7
DA:193,5
DA:194,5
DA:195,5
DA:196,5
DA:197,5
DA:199,2
DA:200,2
DA:201,2
DA:202,2
DA:203,2
DA:208,2
DA:209,2
DA:214,5
DA:216,5
DA:217,5
DA:223,2
DA:224,2
DA:225,2
DA:226,2
DA:227,2
DA:228,1
DA:233,3
DA:234,2
DA:239,49
DA:241,3
DA:245,1
DA:249,1
DA:250,1
DA:251,1
DA:252,1
DA:256,4
DA:257,4
DA:258,4
DA:259,4
DA:260,4
DA:261,7
DA:262,4
DA:263,3
DA:264,5
DA:265,3
DA:266,1
DA:268,2
DA:271,4
DA:272,1
DA:278,5
DA:279,5
DA:280,5
DA:281,5
DA:282,1
DA:285,4
DA:286,3
DA:287,3
DA:288,2
DA:289,2
DA:290,2
DA:291,4
DA:292,2
DA:293,1
DA:295,1
DA:298,1
DA:299,1
DA:302,1
DA:308,1
DA:312,56
DA:317,86
DA:318,3
DA:319,2
DA:320,2
DA:321,2
DA:324,1
DA:326,3
DA:327,3
DA:328,3
DA:329,3
DA:332,86
DA:333,1
DA:334,1
DA:336,1
LF:150
LH:150
BRDA:67,0,0,75
BRDA:67,0,1,0
BRDA:90,1,0,1
BRDA:90,1,1,76
BRDA:93,2,0,1
BRDA:93,2,1,0
BRDA:109,3,0,5
BRDA:109,3,1,72
BRDA:124,4,0,1
BRDA:124,4,1,76
BRDA:133,5,0,5
BRDA:133,5,1,72
BRDA:134,6,0,5
BRDA:134,6,1,0
BRDA:135,7,0,5
BRDA:135,7,1,0
BRDA:136,8,0,5
BRDA:136,8,1,0
BRDA:137,9,0,5
BRDA:137,9,1,0
BRDA:151,10,0,5
BRDA:151,10,1,0
BRDA:152,11,0,5
BRDA:152,11,1,0
BRDA:154,12,0,5
BRDA:154,12,1,0
BRDA:155,13,0,5
BRDA:155,13,1,0
BRDA:156,14,0,5
BRDA:156,14,1,0
BRDA:158,15,0,5
BRDA:158,15,1,0
BRDA:159,16,0,5
BRDA:159,16,1,0
BRDA:163,17,0,5
BRDA:163,17,1,0
BRDA:165,18,0,5
BRDA:165,18,1,0
BRDA:166,19,0,5
BRDA:166,19,1,0
BRDA:176,20,0,2
BRDA:176,20,1,4
BRDA:178,21,0,2
BRDA:178,21,1,4
BRDA:181,22,0,2
BRDA:181,22,1,2
BRDA:183,23,0,2
BRDA:183,23,1,0
BRDA:192,24,0,5
BRDA:192,24,1,2
BRDA:208,25,0,2
BRDA:208,25,1,0
BRDA:216,26,0,5
BRDA:216,26,1,0
BRDA:227,27,0,1
BRDA:227,27,1,1
BRDA:233,28,0,2
BRDA:233,28,1,1
BRDA:258,29,0,3
BRDA:258,29,1,1
BRDA:262,30,0,3
BRDA:262,30,1,1
BRDA:262,31,0,4
BRDA:262,31,1,1
BRDA:265,32,0,1
BRDA:265,32,1,2
BRDA:271,33,0,1
BRDA:271,33,1,3
BRDA:281,34,0,1
BRDA:281,34,1,4
BRDA:285,35,0,3
BRDA:285,35,1,1
BRDA:287,36,0,2
BRDA:287,36,1,1
BRDA:292,37,0,1
BRDA:292,37,1,1
BRDA:317,38,0,3
BRDA:317,38,1,83
BRDA:317,39,0,86
BRDA:317,39,1,3
BRDA:317,39,2,3
BRDA:318,40,0,2
BRDA:318,40,1,1
BRDA:332,41,0,1
BRDA:332,41,1,85
BRDA:332,42,0,86
BRDA:332,42,1,4
BRDA:332,42,2,1
BRF:88
BRH:69
end_of_record
TN:
SF:X:\workspace\apac-ishipplus\src\app\pages\shipping\step2-customs-details\step2-customs-details.page.ts
FN:49,(anonymous_0)
FN:55,(anonymous_1)
FN:57,(anonymous_2)
FN:64,(anonymous_3)
FN:92,(anonymous_4)
FN:94,(anonymous_5)
FN:100,(anonymous_6)
FN:102,(anonymous_7)
FN:110,(anonymous_8)
FN:114,(anonymous_9)
FN:121,(anonymous_10)
FN:141,(anonymous_11)
FN:147,(anonymous_12)
FN:153,(anonymous_13)
FN:166,(anonymous_14)
FN:173,(anonymous_15)
FN:175,(anonymous_16)
FN:184,(anonymous_17)
FN:186,(anonymous_18)
FN:195,(anonymous_19)
FN:197,(anonymous_20)
FN:198,(anonymous_21)
FN:207,(anonymous_22)
FN:210,(anonymous_23)
FN:211,(anonymous_24)
FN:219,(anonymous_25)
FN:225,(anonymous_26)
FN:232,(anonymous_27)
FNF:28
FNH:28
FNDA:17,(anonymous_0)
FNDA:20,(anonymous_1)
FNDA:20,(anonymous_2)
FNDA:20,(anonymous_3)
FNDA:1,(anonymous_4)
FNDA:1,(anonymous_5)
FNDA:19,(anonymous_6)
FNDA:19,(anonymous_7)
FNDA:17,(anonymous_8)
FNDA:5,(anonymous_9)
FNDA:25,(anonymous_10)
FNDA:1,(anonymous_11)
FNDA:1,(anonymous_12)
FNDA:5,(anonymous_13)
FNDA:19,(anonymous_14)
FNDA:19,(anonymous_15)
FNDA:19,(anonymous_16)
FNDA:19,(anonymous_17)
FNDA:19,(anonymous_18)
FNDA:7,(anonymous_19)
FNDA:25,(anonymous_20)
FNDA:90,(anonymous_21)
FNDA:7,(anonymous_22)
FNDA:16,(anonymous_23)
FNDA:88,(anonymous_24)
FNDA:6,(anonymous_25)
FNDA:19,(anonymous_26)
FNDA:2,(anonymous_27)
DA:29,1
DA:30,17
DA:33,17
DA:34,17
DA:39,17
DA:40,17
DA:41,17
DA:45,17
DA:46,17
DA:47,17
DA:50,17
DA:52,17
DA:56,20
DA:58,20
DA:59,20
DA:60,20
DA:63,20
DA:65,20
DA:66,20
DA:67,20
DA:72,20
DA:73,0
DA:74,0
DA:77,20
DA:79,20
DA:85,20
DA:86,20
DA:87,20
DA:88,20
DA:89,20
DA:93,1
DA:95,1
DA:97,1
DA:101,19
DA:103,19
DA:104,2
DA:107,19
DA:111,17
DA:115,5
DA:117,5
DA:118,5
DA:122,25
DA:124,2
DA:125,2
DA:126,2
DA:129,3
DA:130,3
DA:131,3
DA:134,20
DA:135,20
DA:136,20
DA:142,1
DA:148,1
DA:154,5
DA:167,19
DA:168,19
DA:169,19
DA:170,19
DA:174,19
DA:176,19
DA:177,2
DA:178,2
DA:185,19
DA:187,19
DA:188,2
DA:189,2
DA:196,7
DA:197,7
DA:198,25
DA:199,90
DA:200,25
DA:201,20
[...]
DA:73,6
DA:78,6
DA:80,6
DA:85,6
DA:86,2
DA:89,6
DA:97,6
DA:98,6
DA:99,6
DA:100,6
DA:118,6
DA:119,6
DA:123,5
DA:124,1
DA:126,4
DA:131,6
DA:132,6
DA:133,6
DA:134,5
DA:135,5
DA:137,1
DA:138,1
DA:139,1
DA:143,6
DA:147,6
DA:152,1
DA:153,1
DA:154,1
DA:157,1
DA:158,1
DA:162,6
DA:167,6
DA:168,6
DA:177,6
DA:178,6
DA:182,3
DA:187,3
DA:188,3
DA:192,5
DA:193,5
DA:194,5
DA:214,5
DA:218,5
DA:219,5
DA:220,5
DA:221,1
DA:222,4
DA:223,4
DA:226,0
DA:229,5
DA:233,1
DA:234,1
DA:235,1
DA:236,1
DA:237,1
DA:241,1
DA:245,1
DA:250,1
DA:255,1
DA:260,1
DA:262,1
DA:274,1
DA:278,6
DA:279,6
DA:280,3
DA:281,3
DA:282,3
DA:286,6
DA:290,3
DA:295,3
DA:303,3
DA:309,3
DA:322,3
DA:323,3
DA:325,0
DA:328,3
DA:329,0
DA:332,3
DA:336,12
DA:337,12
DA:338,12
DA:339,12
DA:340,12
DA:350,12
DA:359,12
DA:363,12
DA:364,3
DA:366,12
DA:370,12
DA:371,12
DA:372,9
DA:374,12
DA:375,6
DA:378,12
LF:108
LH:105
BRDA:51,0,0,6
BRDA:51,0,1,0
BRDA:51,1,0,6
BRDA:51,1,1,0
BRDA:66,2,0,2
BRDA:66,2,1,4
BRDA:74,3,0,5
BRDA:74,3,1,1
BRDA:75,4,0,3
BRDA:75,4,1,3
BRDA:85,5,0,2
BRDA:85,5,1,4
BRDA:90,6,0,5
BRDA:90,6,1,1
BRDA:92,7,0,5
BRDA:92,7,1,1
BRDA:94,8,0,3
BRDA:94,8,1,3
BRDA:101,9,0,0
BRDA:101,9,1,6
BRDA:108,10,0,2
BRDA:108,10,1,4
BRDA:118,11,0,4
BRDA:118,11,1,2
BRDA:123,12,0,1
BRDA:123,12,1,4
BRDA:133,13,0,5
BRDA:133,13,1,1
BRDA:153,14,0,1
BRDA:153,14,1,0
BRDA:157,15,0,0
BRDA:157,15,1,1
BRDA:157,16,0,1
BRDA:157,16,1,1
BRDA:158,17,0,1
BRDA:158,17,1,0
BRDA:158,18,0,1
BRDA:158,18,1,1
BRDA:167,19,0,0
BRDA:167,19,1,6
BRDA:167,20,0,6
BRDA:167,20,1,6
BRDA:177,21,0,2
BRDA:177,21,1,4
BRDA:187,22,0,3
BRDA:187,22,1,0
BRDA:199,23,0,2
BRDA:199,23,1,3
BRDA:199,24,0,5
BRDA:199,24,1,5
BRDA:200,25,0,2
BRDA:200,25,1,3
BRDA:200,26,0,5
BRDA:200,26,1,5
BRDA:202,27,0,2
BRDA:202,27,1,3
BRDA:202,28,0,5
BRDA:202,28,1,5
BRDA:219,29,0,5
BRDA:219,29,1,0
BRDA:220,30,0,1
BRDA:220,30,1,4
BRDA:222,31,0,4
BRDA:222,31,1,0
BRDA:236,32,0,1
BRDA:236,32,1,0
BRDA:261,33,0,1
BRDA:261,33,1,0
BRDA:281,34,0,3
BRDA:281,34,1,0
BRDA:296,35,0,0
BRDA:296,35,1,3
BRDA:297,36,0,0
BRDA:297,36,1,3
BRDA:298,37,0,0
BRDA:298,37,1,3
BRDA:323,38,0,0
BRDA:323,38,1,3
BRDA:323,39,0,3
BRDA:323,39,1,3
BRDA:323,39,2,3
BRDA:323,39,3,3
BRDA:323,39,4,3
BRDA:323,39,5,3
BRDA:328,40,0,0
BRDA:328,40,1,3
BRDA:337,41,0,9
BRDA:337,41,1,3
BRDA:338,42,0,6
BRDA:338,42,1,6
BRDA:339,43,0,0
BRDA:339,43,1,12
BRDA:339,44,0,12
BRDA:339,44,1,12
BRDA:344,45,0,12
BRDA:344,45,1,0
BRDA:345,46,0,6
BRDA:345,46,1,6
BRDA:347,47,0,0
BRDA:347,47,1,12
BRDA:353,48,0,6
BRDA:353,48,1,6
BRDA:356,49,0,0
BRDA:356,49,1,12
BRDA:363,50,0,3
BRDA:363,50,1,9
BRDA:371,51,0,9
BRDA:371,51,1,3
BRDA:374,52,0,6
BRDA:374,52,1,6
BRF:110
BRH:88
end_of_record
TN:
SF:X:\workspace\apac-ishipplus\src\app\providers\mapper\local\party-address-request-mapper.service.ts
FN:10,(anonymous_0)
FN:13,(anonymous_1)
FN:28,(anonymous_2)
FN:43,(anonymous_3)
FN:59,(anonymous_4)
FN:72,(anonymous_5)
FNF:6
FNH:6
FNDA:15,(anonymous_0)
FNDA:2,(anonymous_1)
FNDA:2,(anonymous_2)
FNDA:4,(anonymous_3)
FNDA:4,(anonymous_4)
FNDA:4,(anonymous_5)
DA:8,1
DA:14,2
DA:15,2
DA:16,2
DA:19,2
DA:25,2
DA:29,2
DA:30,2
DA:31,2
DA:34,2
DA:40,2
DA:44,4
DA:45,4
DA:46,4
DA:47,4
DA:56,4
DA:60,4
DA:69,4
DA:73,4
DA:74,4
DA:75,1
DA:77,4
DA:78,1
DA:80,4
LF:24
LH:24
BRDA:45,0,0,1
BRDA:45,0,1,3
BRDA:46,1,0,1
BRDA:46,1,1,3
BRDA:51,2,0,3
BRDA:51,2,1,1
BRDA:54,3,0,1
BRDA:54,3,1,3
BRDA:64,4,0,1
BRDA:64,4,1,3
BRDA:65,5,0,1
BRDA:65,5,1,3
BRDA:67,6,0,1
BRDA:67,6,1,3
BRDA:74,7,0,1
BRDA:74,7,1,3
BRDA:77,8,0,1
BRDA:77,8,1,3
BRF:18
BRH:18
end_of_record
TN:
SF:X:\workspace\apac-ishipplus\src\app\shared\shared.module.ts
FNF:0
FNH:0
DA:53,1
LF:1
LH:1
BRF:0
BRH:0
end_of_record
TN:
SF:X:\workspace\apac-ishipplus\src\app\shared\components\header\header.component.ts
FN:14,(anonymous_0)
FN:16,(anonymous_1)
FNF:2
FNH:2
FNDA:6,(anonymous_0)
FNDA:6,(anonymous_1)
DA:8,1
DA:9,6
DA:10,6
DA:11,6
DA:12,6
DA:13,6
LF:6
LH:6
BRF:0
BRH:0
end_of_record
TN:
SF:X:\workspace\apac-ishipplus\src\app\types\category-config.ts
FNF:0
FNH:0
DA:12,1
DA:18,1
DA:20,1
DA:21,1
DA:22,1
DA:23,1
DA:24,1
DA:26,1
LF:8
LH:8
BRF:0
BRH:0
end_of_record
TN:
SF:X:\workspace\apac-ishipplus\src\app\types\constants\billing-and-service-options.constants.ts
FN:15,(anonymous_0)
FN:16,(anonymous_1)
FN:19,(anonymous_2)
FNF:3
FNH:3
FNDA:431,(anonymous_0)
FNDA:661,(anonymous_1)
FNDA:431,(anonymous_2)
DA:3,1
DA:4,1
DA:5,1
DA:6,1
DA:7,1
DA:8,1
DA:9,1
DA:10,1
DA:11,1
DA:12,1
DA:13,1
DA:16,661
DA:20,431
LF:13
LH:13
BRF:0
BRH:0
end_of_record
TN:
SF:X:\workspace\apac-ishipplus\src\app\types\constants\country-locale.constants.ts
FN:8,(anonymous_0)
FN:9,(anonymous_1)
FN:10,(anonymous_2)
FN:13,(anonymous_3)
FN:16,(anonymous_4)
FN:17,(anonymous_5)
FN:21,(anonymous_6)
FNF:7
FNH:7
FNDA:175,(anonymous_0)
FNDA:865,(anonymous_1)
FNDA:92,(anonymous_2)
FNDA:1,(anonymous_3)
FNDA:1,(anonymous_4)
FNDA:14,(anonymous_5)
FNDA:200,(anonymous_6)
DA:9,865
DA:10,175
DA:14,1
DA:15,1
DA:16,1
DA:17,14
DA:18,1
DA:22,200
LF:8
LH:8
BRDA:10,0,0,152
BRDA:10,0,1,23
BRDA:16,1,0,1
BRDA:16,1,1,1
BRDA:17,2,0,14
BRDA:17,2,1,1
BRDA:18,3,0,0
BRDA:18,3,1,1
BRF:8
BRH:7
end_of_record
TN:
SF:X:\workspace\apac-ishipplus\src\app\types\constants\country-resource.constants.ts
FN:2,(anonymous_0)
FN:180,(anonymous_1)
FNF:2
FNH:2
FNDA:78,(anonymous_0)
FNDA:29,(anonymous_1)
DA:3,78
DA:181,29
DA:217,1
DA:218,1
LF:4
LH:4
BRF:0
BRH:0
end_of_record
TN:
SF:X:\workspace\apac-ishipplus\src\app\types\constants\customs-details.constants.ts
FN:10,(anonymous_0)
FN:39,(anonymous_1)
FN:64,(anonymous_2)
FN:65,(anonymous_3)
FN:68,(anonymous_4)
FN:69,(anonymous_5)
FN:72,(anonymous_6)
FN:73,(anonymous_7)
FN:76,(anonymous_8)
FN:153,(anonymous_9)
FN:167,(anonymous_10)
FN:197,(anonymous_11)
FNF:12
FNH:8
FNDA:0,(anonymous_0)
FNDA:7,(anonymous_1)
FNDA:7,(anonymous_2)
FNDA:35,(anonymous_3)
FNDA:0,(anonymous_4)
FNDA:0,(anonymous_5)
FNDA:3,(anonymous_6)
FNDA:3,(anonymous_7)
FNDA:0,(anonymous_8)
FNDA:3,(anonymous_9)
FNDA:41,(anonymous_10)
FNDA:44,(anonymous_11)
DA:11,0
DA:40,7
DA:65,35
DA:69,0
DA:73,3
DA:77,0
DA:154,3
DA:168,41
DA:198,44
DA:227,1
DA:228,1
DA:229,1
DA:230,1
DA:231,1
DA:232,1
DA:233,1
LF:16
LH:13
BRF:0
BRH:0
end_of_record
TN:
SF:X:\workspace\apac-ishipplus\src\app\types\constants\http-interceptor-resource.constants.ts
FN:2,(anonymous_0)
FN:3,(anonymous_1)
FN:7,(anonymous_2)
FN:8,(anonymous_3)
FN:12,(anonymous_4)
FN:13,(anonymous_5)
FN:17,(anonymous_6)
FN:24,(anonymous_7)
FN:39,(anonymous_8)
FNF:9
FNH:0
FNDA:0,(anonymous_0)
FNDA:0,(anonymous_1)
FNDA:0,(anonymous_2)
FNDA:0,(anonymous_3)
FNDA:0,(anonymous_4)
FNDA:0,(anonymous_5)
FNDA:0,(anonymous_6)
FNDA:0,(anonymous_7)
FNDA:0,(anonymous_8)
DA:3,0
DA:4,0
DA:8,0
DA:9,0
DA:13,0
DA:14,0
DA:18,0
DA:25,0
DA:40,0
LF:9
LH:0
BRDA:4,0,0,0
BRDA:4,0,1,0
BRDA:9,1,0,0
BRDA:9,1,1,0
BRDA:14,2,0,0
BRDA:14,2,1,0
BRF:6
BRH:0
end_of_record
TN:
SF:X:\workspace\apac-ishipplus\src\app\types\constants\input-type-constants.ts
FNF:0
FNH:0
DA:2,1
DA:3,1
DA:4,1
DA:5,1
DA:6,1
LF:5
LH:5
BRF:0
BRH:0
end_of_record
TN:
SF:X:\workspace\apac-ishipplus\src\app\types\constants\logout-request.constants.ts
FNF:0
FNH:0
DA:11,1
DA:12,1
DA:13,1
DA:14,1
DA:15,1
LF:5
LH:5
BRF:0
BRH:0
end_of_record
TN:
SF:X:\workspace\apac-ishipplus\src\app\types\constants\notification-message.constants.ts
FNF:0
FNH:0
DA:11,1
DA:12,1
DA:13,1
DA:14,1
DA:15,1
DA:16,1
DA:17,1
DA:18,1
DA:19,1
DA:20,1
DA:22,1
DA:23,1
DA:24,1
DA:26,1
DA:27,1
DA:28,1
DA:29,1
DA:31,1
DA:32,1
DA:33,1
DA:34,1
DA:36,1
DA:37,1
DA:38,1
DA:40,1
DA:41,1
DA:42,1
DA:44,1
DA:45,1
LF:29
LH:29
BRF:0
BRH:0
end_of_record
TN:
SF:X:\workspace\apac-ishipplus\src\app\types\constants\otp-request.constants.ts
FNF:0
FNH:0
DA:2,1
DA:3,1
DA:4,1
DA:5,1
DA:6,1
DA:7,1
DA:8,1
LF:7
LH:7
BRF:0
BRH:0
end_of_record
TN:
SF:X:\workspace\apac-ishipplus\src\app\types\constants\page-analytics.constants.ts
FN:10,(anonymous_0)
FN:13,(anonymous_1)
FN:33,(anonymous_2)
FNF:3
FNH:0
FNDA:0,(anonymous_0)
FNDA:0,(anonymous_1)
FNDA:0,(anonymous_2)
DA:5,1
DA:6,1
DA:7,1
DA:8,1
DA:11,0
DA:12,0
DA:13,0
DA:14,0
DA:15,0
DA:16,0
DA:17,0
DA:18,0
DA:19,0
DA:21,0
DA:22,0
DA:24,0
DA:34,0
LF:17
LH:4
BRDA:14,0,0,0
BRDA:14,0,1,0
BRDA:19,1,0,0
BRDA:19,1,1,0
BRDA:24,2,0,0
BRDA:24,2,1,0
BRF:6
BRH:0
end_of_record
TN:
SF:X:\workspace\apac-ishipplus\src\app\types\constants\shipment-types.constants.ts
FNF:0
FNH:0
DA:2,1
DA:3,1
LF:2
LH:2
BRF:0
BRH:0
end_of_record
TN:
SF:X:\workspace\apac-ishipplus\src\app\types\constants\summary-page.constants.ts
FNF:0
FNH:0
DA:2,1
DA:3,1
DA:4,1
DA:5,1
DA:6,1
DA:7,1
DA:8,1
DA:9,1
DA:10,1
DA:11,1
DA:12,1
DA:13,1
DA:14,1
DA:15,1
DA:16,1
LF:15
LH:15
BRF:0
BRH:0
end_of_record
TN:
SF:X:\workspace\apac-ishipplus\src\app\types\constants\thank-you-page.constants.ts
FNF:0
FNH:0
DA:2,1
DA:3,1
DA:4,1
DA:5,1
DA:6,1
DA:7,1
DA:8,1
DA:9,1
DA:10,1
DA:11,1
DA:12,1
DA:13,1
DA:14,1
DA:15,1
DA:16,1
DA:17,1
LF:16
LH:16
BRF:0
BRH:0
end_of_record
TN:
SF:X:\workspace\apac-ishipplus\src\app\types\enum\account-type.enum.ts
FN:8,(anonymous_0)
FNF:1
FNH:1
FNDA:1,(anonymous_0)
DA:8,1
DA:9,1
DA:10,1
DA:11,1
DA:12,1
DA:13,1
DA:14,1
LF:7
LH:7
BRDA:8,0,0,1
BRDA:8,0,1,1
BRF:2
BRH:2
end_of_record
TN:
SF:X:\workspace\apac-ishipplus\src\app\types\enum\address-type.enum.ts
FN:1,(anonymous_0)
FNF:1
FNH:1
FNDA:1,(anonymous_0)
DA:1,1
DA:2,1
DA:3,1
LF:3
LH:3
BRDA:1,0,0,1
BRDA:1,0,1,1
BRF:2
BRH:2
end_of_record
TN:
SF:X:\workspace\apac-ishipplus\src\app\types\enum\app-supported-country.enum.ts
FN:1,(anonymous_0)
FNF:1
FNH:1
FNDA:1,(anonymous_0)
DA:1,1
DA:2,1
DA:3,1
DA:4,1
DA:5,1
DA:6,1
DA:7,1
DA:8,1
DA:9,1
DA:10,1
DA:11,1
DA:12,1
DA:13,1
DA:14,1
DA:15,1
LF:15
LH:15
BRDA:1,0,0,1
BRDA:1,0,1,1
BRF:2
BRH:2
end_of_record
TN:
SF:X:\workspace\apac-ishipplus\src\app\types\enum\carriage-limit.enum.ts
FN:7,(anonymous_0)
FNF:1
FNH:1
FNDA:1,(anonymous_0)
DA:7,1
DA:8,1
DA:9,1
DA:10,1
DA:11,1
DA:12,1
DA:13,1
DA:14,1
DA:15,1
DA:16,1
DA:17,1
DA:18,1
DA:19,1
DA:20,1
DA:21,1
DA:22,1
DA:23,1
DA:26,1
LF:18
LH:18
BRDA:7,0,0,1
BRDA:7,0,1,1
BRF:2
BRH:2
end_of_record
TN:
SF:X:\workspace\apac-ishipplus\src\app\types\enum\carrier-codes.enum.ts
FN:4,(anonymous_0)
FNF:1
FNH:1
FNDA:1,(anonymous_0)
DA:4,1
DA:5,1
DA:6,1
LF:3
LH:3
BRDA:4,0,0,1
BRDA:4,0,1,1
BRF:2
BRH:2
end_of_record
TN:
SF:X:\workspace\apac-ishipplus\src\app\types\enum\config-state.enum.ts
FN:1,(anonymous_0)
FNF:1
FNH:1
FNDA:1,(anonymous_0)
DA:1,1
DA:2,1
DA:3,1
DA:4,1
LF:4
LH:4
BRDA:1,0,0,1
BRDA:1,0,1,1
BRF:2
BRH:2
end_of_record
TN:
SF:X:\workspace\apac-ishipplus\src\app\types\enum\country-type.enum.ts
FN:1,(anonymous_0)
FNF:1
FNH:1
FNDA:1,(anonymous_0)
DA:1,1
DA:2,1
DA:3,1
DA:4,1
LF:4
LH:4
BRDA:1,0,0,1
BRDA:1,0,1,1
BRF:2
BRH:2
end_of_record
TN:
SF:X:\workspace\apac-ishipplus\src\app\types\enum\currency-converion-type.enum.ts
FN:8,(anonymous_0)
FNF:1
FNH:1
FNDA:1,(anonymous_0)
DA:8,1
DA:9,1
DA:10,1
LF:3
LH:3
BRDA:8,0,0,1
BRDA:8,0,1,1
BRF:2
BRH:2
end_of_record
TN:
SF:X:\workspace\apac-ishipplus\src\app\types\enum\customs-type.enum.ts
FN:1,(anonymous_0)
FNF:1
FNH:1
FNDA:1,(anonymous_0)
DA:1,1
DA:2,1
DA:3,1
LF:3
LH:3
BRDA:1,0,0,1
BRDA:1,0,1,1
BRF:2
BRH:2
end_of_record
TN:
SF:X:\workspace\apac-ishipplus\src\app\types\enum\dimensional-weight-calculation-unit-value.enum.ts
FN:1,(anonymous_0)
FNF:1
FNH:1
FNDA:1,(anonymous_0)
DA:1,1
DA:2,1
DA:3,1
LF:3
LH:3
BRDA:1,0,0,1
BRDA:1,0,1,1
BRF:2
BRH:2
end_of_record
TN:
SF:X:\workspace\apac-ishipplus\src\app\types\enum\documents-type.enum.ts
FN:8,(anonymous_0)
FNF:1
FNH:1
FNDA:1,(anonymous_0)
DA:8,1
DA:9,1
DA:10,1
DA:11,1
DA:12,1
DA:13,1
LF:6
LH:6
BRDA:8,0,0,1
BRDA:8,0,1,1
BRF:2
BRH:2
end_of_record
TN:
SF:X:\workspace\apac-ishipplus\src\app\types\enum\http-content-type.enum.ts
FN:1,(anonymous_0)
FNF:1
FNH:1
FNDA:1,(anonymous_0)
DA:1,1
DA:2,1
DA:3,1
DA:4,1
DA:5,1
DA:6,1
DA:7,1
DA:8,1
DA:9,1
DA:10,1
DA:11,1
LF:11
LH:11
BRDA:1,0,0,1
BRDA:1,0,1,1
BRF:2
BRH:2
end_of_record
TN:
SF:X:\workspace\apac-ishipplus\src\app\types\enum\http-header-key.enum.ts
FN:1,(anonymous_0)
FNF:1
FNH:1
FNDA:1,(anonymous_0)
DA:1,1
DA:2,1
DA:3,1
DA:4,1
DA:5,1
DA:6,1
DA:7,1
DA:8,1
DA:9,1
DA:10,1
DA:11,1
DA:12,1
LF:12
LH:12
BRDA:1,0,0,1
BRDA:1,0,1,1
BRF:2
BRH:2
end_of_record
TN:
SF:X:\workspace\apac-ishipplus\src\app\types\enum\ionic-icon.enum.ts
FN:12,(anonymous_0)
FNF:1
FNH:1
FNDA:1,(anonymous_0)
DA:12,1
DA:13,1
DA:14,1
DA:15,1
DA:16,1
LF:5
LH:5
BRDA:12,0,0,1
BRDA:12,0,1,1
BRF:2
BRH:2
end_of_record
TN:
SF:X:\workspace\apac-ishipplus\src\app\types\enum\items-type.enum.ts
FN:1,(anonymous_0)
FNF:1
FNH:1
FNDA:1,(anonymous_0)
DA:1,1
DA:2,1
DA:3,1
DA:4,1
DA:5,1
DA:6,1
DA:7,1
LF:7
LH:7
BRDA:1,0,0,1
BRDA:1,0,1,1
BRF:2
BRH:2
end_of_record
TN:
SF:X:\workspace\apac-ishipplus\src\app\types\enum\lang-locale.enum.ts
FN:1,(anonymous_0)
FNF:1
FNH:1
FNDA:1,(anonymous_0)
DA:1,1
DA:2,1
DA:3,1
DA:4,1
DA:5,1
DA:6,1
DA:7,1
DA:8,1
DA:9,1
DA:10,1
LF:10
LH:10
BRDA:1,0,0,1
BRDA:1,0,1,1
BRF:2
BRH:2
end_of_record
TN:
SF:X:\workspace\apac-ishipplus\src\app\types\enum\locale-header.enum.ts
FN:1,(anonymous_0)
FNF:1
FNH:1
FNDA:1,(anonymous_0)
DA:1,1
DA:3,1
DA:4,1
DA:5,1
DA:6,1
DA:7,1
DA:8,1
DA:9,1
DA:10,1
DA:11,1
DA:12,1
DA:13,1
DA:14,1
DA:15,1
DA:16,1
DA:19,1
DA:20,1
DA:21,1
DA:22,1
DA:23,1
DA:24,1
DA:25,1
DA:26,1
DA:27,1
LF:24
LH:24
BRDA:1,0,0,1
BRDA:1,0,1,1
BRF:2
BRH:2
end_of_record
TN:
SF:X:\workspace\apac-ishipplus\src\app\types\enum\locale-otp.enum.ts
FN:1,(anonymous_0)
FNF:1
FNH:1
FNDA:1,(anonymous_0)
DA:1,1
DA:2,1
DA:3,1
DA:4,1
DA:5,1
DA:6,1
DA:7,1
DA:8,1
DA:9,1
DA:10,1
LF:10
LH:10
BRDA:1,0,0,1
BRDA:1,0,1,1
BRF:2
BRH:2
end_of_record
TN:
SF:X:\workspace\apac-ishipplus\src\app\types\enum\log-level.enum.ts
FN:8,(anonymous_0)
FNF:1
FNH:1
FNDA:1,(anonymous_0)
DA:8,1
DA:9,1
DA:10,1
DA:11,1
DA:12,1
DA:13,1
DA:14,1
DA:15,1
LF:8
LH:8
BRDA:8,0,0,1
BRDA:8,0,1,1
BRF:2
BRH:2
end_of_record
TN:
SF:X:\workspace\apac-ishipplus\src\app\types\enum\logging-category.enum.ts
FN:8,(anonymous_0)
FNF:1
FNH:1
FNDA:1,(anonymous_0)
DA:8,1
DA:9,1
DA:10,1
DA:11,1
DA:12,1
DA:13,1
DA:14,1
DA:15,1
LF:8
LH:8
BRDA:8,0,0,1
BRDA:8,0,1,1
BRF:2
BRH:2
end_of_record
TN:
SF:X:\workspace\apac-ishipplus\src\app\types\enum\match-conditions.enum.ts
FN:4,(anonymous_0)
FNF:1
FNH:1
FNDA:1,(anonymous_0)
DA:4,1
DA:5,1
DA:6,1
LF:3
LH:3
BRDA:4,0,0,1
BRDA:4,0,1,1
BRF:2
BRH:2
end_of_record
TN:
SF:X:\workspace\apac-ishipplus\src\app\types\enum\maximum-imperial-weight.ts
FN:1,(anonymous_0)
FNF:1
FNH:1
FNDA:1,(anonymous_0)
DA:1,1
DA:2,1
LF:2
LH:2
BRDA:1,0,0,1
BRDA:1,0,1,1
BRF:2
BRH:2
end_of_record
TN:
SF:X:\workspace\apac-ishipplus\src\app\types\enum\maximum-metric-weight-enum.ts
FN:1,(anonymous_0)
FNF:1
FNH:1
FNDA:1,(anonymous_0)
DA:1,1
DA:2,1
LF:2
LH:2
BRDA:1,0,0,1
BRDA:1,0,1,1
BRF:2
BRH:2
end_of_record
TN:
SF:X:\workspace\apac-ishipplus\src\app\types\enum\messages-category-img.enum.ts
FN:8,(anonymous_0)
FNF:1
FNH:1
FNDA:1,(anonymous_0)
DA:8,1
DA:9,1
DA:10,1
DA:11,1
DA:12,1
LF:5
LH:5
BRDA:8,0,0,1
BRDA:8,0,1,1
BRF:2
BRH:2
end_of_record
TN:
SF:X:\workspace\apac-ishipplus\src\app\types\enum\minimum-imperial-weight.ts
FN:8,(anonymous_0)
FNF:1
FNH:1
FNDA:1,(anonymous_0)
DA:8,1
DA:9,1
DA:10,1
DA:11,1
DA:12,1
DA:13,1
DA:14,1
DA:15,1
LF:8
LH:8
BRDA:8,0,0,1
BRDA:8,0,1,1
BRF:2
BRH:2
end_of_record
TN:
SF:X:\workspace\apac-ishipplus\src\app\types\enum\minimum-metric-weight-enum.ts
FN:8,(anonymous_0)
FNF:1
FNH:1
FNDA:1,(anonymous_0)
DA:8,1
DA:9,1
DA:10,1
DA:11,1
DA:12,1
DA:13,1
DA:14,1
DA:15,1
LF:8
LH:8
BRDA:8,0,0,1
BRDA:8,0,1,1
BRF:2
BRH:2
end_of_record
TN:
SF:X:\workspace\apac-ishipplus\src\app\types\enum\modal-type.enum.ts
FN:9,(anonymous_0)
FNF:1
FNH:1
FNDA:1,(anonymous_0)
DA:9,1
DA:10,1
DA:11,1
DA:12,1
DA:13,1
LF:5
LH:5
BRDA:9,0,0,1
BRDA:9,0,1,1
BRF:2
BRH:2
end_of_record
TN:
SF:X:\workspace\apac-ishipplus\src\app\types\enum\notification-type.enum.ts
FN:1,(anonymous_0)
FNF:1
FNH:1
FNDA:1,(anonymous_0)
DA:1,1
DA:2,1
LF:2
LH:2
BRDA:1,0,0,1
BRDA:1,0,1,1
BRF:2
BRH:2
end_of_record
TN:
SF:X:\workspace\apac-ishipplus\src\app\types\enum\oauth-enum.enum.ts
FN:8,(anonymous_0)
FNF:1
FNH:1
FNDA:1,(anonymous_0)
DA:8,1
DA:9,1
DA:10,1
DA:11,1
DA:12,1
DA:14,1
DA:15,1
DA:16,1
DA:17,1
DA:19,1
DA:20,1
LF:11
LH:11
BRDA:8,0,0,1
BRDA:8,0,1,1
BRF:2
BRH:2
end_of_record
TN:
SF:X:\workspace\apac-ishipplus\src\app\types\enum\packaging-type.enum.ts
FN:8,(anonymous_0)
FNF:1
FNH:1
FNDA:1,(anonymous_0)
DA:8,1
DA:9,1
DA:10,1
DA:11,1
DA:12,1
DA:13,1
DA:14,1
DA:15,1
LF:8
LH:8
BRDA:8,0,0,1
BRDA:8,0,1,1
BRF:2
BRH:2
end_of_record
TN:
SF:X:\workspace\apac-ishipplus\src\app\types\enum\phone-number-limit-type.enum.ts
FN:1,(anonymous_0)
FNF:1
FNH:1
FNDA:1,(anonymous_0)
DA:1,1
DA:2,1
DA:3,1
DA:4,1
DA:5,1
DA:6,1
DA:7,1
LF:7
LH:7
BRDA:1,0,0,1
BRDA:1,0,1,1
BRF:2
BRH:2
end_of_record
TN:
SF:X:\workspace\apac-ishipplus\src\app\types\enum\rates-roundup-countries.enum.ts
FN:7,(anonymous_0)
FNF:1
FNH:1
FNDA:1,(anonymous_0)
DA:7,1
DA:8,1
DA:9,1
DA:10,1
DA:11,1
DA:12,1
DA:13,1
LF:7
LH:7
BRDA:7,0,0,1
BRDA:7,0,1,1
BRF:2
BRH:2
end_of_record
TN:
SF:X:\workspace\apac-ishipplus\src\app\types\enum\rates-roundup-decimal-place.enum.ts
FN:10,(anonymous_0)
FNF:1
FNH:1
FNDA:1,(anonymous_0)
DA:10,1
DA:11,1
DA:12,1
DA:13,1
DA:14,1
DA:15,1
DA:16,1
LF:7
LH:7
BRDA:10,0,0,1
BRDA:10,0,1,1
BRF:2
BRH:2
end_of_record
TN:
SF:X:\workspace\apac-ishipplus\src\app\types\enum\service-type.enum.ts
FN:7,(anonymous_0)
FNF:1
FNH:1
FNDA:1,(anonymous_0)
DA:7,1
DA:8,1
DA:9,1
DA:10,1
DA:11,1
DA:12,1
DA:13,1
DA:14,1
DA:15,1
DA:16,1
DA:17,1
DA:18,1
DA:19,1
DA:20,1
DA:21,1
DA:22,1
DA:23,1
LF:17
LH:17
BRDA:7,0,0,1
BRDA:7,0,1,1
BRF:2
BRH:2
end_of_record
TN:
SF:X:\workspace\apac-ishipplus\src\app\types\enum\session-items.enum.ts
FN:1,(anonymous_0)
FNF:1
FNH:1
FNDA:1,(anonymous_0)
DA:1,1
DA:2,1
DA:3,1
DA:4,1
DA:5,1
DA:6,1
DA:7,1
DA:8,1
DA:9,1
DA:10,1
DA:11,1
DA:12,1
LF:12
LH:12
BRDA:1,0,0,1
BRDA:1,0,1,1
BRF:2
BRH:2
end_of_record
TN:
SF:X:\workspace\apac-ishipplus\src\app\types\enum\shipment-purpose-types-documents.enum.ts
FN:5,(anonymous_0)
FNF:1
FNH:1
FNDA:1,(anonymous_0)
DA:5,1
DA:6,1
DA:7,1
LF:3
LH:3
BRDA:5,0,0,1
BRDA:5,0,1,1
BRF:2
BRH:2
end_of_record
TN:
SF:X:\workspace\apac-ishipplus\src\app\types\enum\signature-option-types.enum.ts
FN:1,(anonymous_0)
FNF:1
FNH:1
FNDA:1,(anonymous_0)
DA:1,1
DA:2,1
LF:2
LH:2
BRDA:1,0,0,1
BRDA:1,0,1,1
BRF:2
BRH:2
end_of_record
TN:
SF:X:\workspace\apac-ishipplus\src\app\types\enum\step-type.enum.ts
FN:1,(anonymous_0)
FNF:1
FNH:1
FNDA:1,(anonymous_0)
DA:1,1
DA:2,1
DA:3,1
DA:4,1
DA:5,1
DA:6,1
LF:6
LH:6
BRDA:1,0,0,1
BRDA:1,0,1,1
BRF:2
BRH:2
end_of_record
TN:
SF:X:\workspace\apac-ishipplus\src\app\types\enum\system-of-measure-type.ts
FN:7,(anonymous_0)
FNF:1
FNH:1
FNDA:1,(anonymous_0)
DA:7,1
DA:8,1
DA:9,1
LF:3
LH:3
BRDA:7,0,0,1
BRDA:7,0,1,1
BRF:2
BRH:2
end_of_record
TN:
SF:X:\workspace\apac-ishipplus\src\app\types\enum\toast-position.enum.ts
FN:8,(anonymous_0)
FNF:1
FNH:1
FNDA:1,(anonymous_0)
DA:8,1
DA:9,1
DA:10,1
DA:11,1
LF:4
LH:4
BRDA:8,0,0,1
BRDA:8,0,1,1
BRF:2
BRH:2
end_of_record
TN:
SF:X:\workspace\apac-ishipplus\src\app\types\enum\unit-of-measurement.enum.ts
FN:1,(anonymous_0)
FNF:1
FNH:1
FNDA:1,(anonymous_0)
DA:1,1
DA:2,1
DA:3,1
DA:4,1
DA:5,1
LF:5
LH:5
BRDA:1,0,0,1
BRDA:1,0,1,1
BRF:2
BRH:2
end_of_record
TN:
SF:X:\workspace\apac-ishipplus\src\app\types\enum\vat-computation-countries.enum.ts
FN:9,(anonymous_0)
FNF:1
FNH:1
FNDA:1,(anonymous_0)
DA:9,1
DA:10,1
DA:11,1
LF:3
LH:3
BRDA:9,0,0,1
BRDA:9,0,1,1
BRF:2
BRH:2
end_of_record
TN:
SF:X:\workspace\apac-ishipplus\src\app\types\enum\vat-display-countries.enum.ts
FN:10,(anonymous_0)
FNF:1
FNH:1
FNDA:1,(anonymous_0)
DA:10,1
DA:11,1
LF:2
LH:2
BRDA:10,0,0,1
BRDA:10,0,1,1
BRF:2
BRH:2
end_of_record
TN:
SF:X:\workspace\apac-ishipplus\src\assets\config\development.ts
FNF:0
FNH:0
DA:1,1
LF:1
LH:1
BRF:0
BRH:0
end_of_record
TN:
SF:X:\workspace\apac-ishipplus\src\assets\config\mockConfigForTest.ts
FNF:0
FNH:0
DA:1,1
LF:1
LH:1
BRF:0
BRH:0
end_of_record
TN:
SF:X:\workspace\apac-ishipplus\src\assets\config\production.ts
FNF:0
FNH:0
DA:1,1
LF:1
LH:1
BRF:0
BRH:0
end_of_record
TN:
SF:X:\workspace\apac-ishipplus\src\assets\config\staging.ts
FNF:0
FNH:0
DA:1,1
LF:1
LH:1
BRF:0
BRH:0
end_of_record
TN:
SF:X:\workspace\apac-ishipplus\src\environments\environment.ts
FNF:0
FNH:0
DA:9,1
LF:1
LH:1
BRDA:13,0,0,1
BRDA:13,0,1,0
BRDA:15,1,0,1
BRDA:15,1,1,0
BRF:4
BRH:2
end_of_record
